2024-08-07 17:01:19 DEBUG MessageConsumerServiceImpl:26 - -=-=| Received search-message: /search from 1196376478
2024-08-07 17:01:19 DEBUG SearcherServiceImpl:84 - -=-=-| User 1196376478 added to inSearch list
2024-08-07 17:01:19 DEBUG SearcherServiceImpl:156 - 	CURRENT LIST: 
BotUser{chatId='1196376478', state=IN_SEARCH, companion-id=null}

2024-08-07 17:02:05 DEBUG MessageConsumerServiceImpl:26 - -=-=| Received search-message: /search from 5298169204
2024-08-07 17:02:05 DEBUG SearcherServiceImpl:102 - -=-=-| CREATED DIALOG FOR: 5298169204 & 1196376478
2024-08-07 17:02:05 DEBUG SearcherServiceImpl:156 - 	CURRENT LIST: 


2024-08-07 17:03:10 DEBUG MessageConsumerServiceImpl:26 - -=-=| Received search-message: /next from 1196376478
2024-08-07 17:03:11 DEBUG SearcherServiceImpl:84 - -=-=-| User 1196376478 added to inSearch list
2024-08-07 17:03:11 DEBUG SearcherServiceImpl:156 - | CURRENT LIST: |
	BotUser{chatId='1196376478', state=IN_SEARCH, companion-id=null}

2024-08-07 17:03:16 DEBUG MessageConsumerServiceImpl:26 - -=-=| Received search-message: /search from 5298169204
2024-08-07 17:03:16 DEBUG SearcherServiceImpl:102 - -=-=-| CREATED DIALOG FOR: 5298169204 & 1196376478
2024-08-07 17:03:16 DEBUG SearcherServiceImpl:156 - | CURRENT LIST: |


2024-08-07 17:06:07 DEBUG MessageConsumerServiceImpl:26 - -=-=| Received search-message: /stop from 5298169204
2024-08-07 17:06:07 DEBUG SearcherServiceImpl:120 - -=-=-| User 5298169204 stopped dialog with 1196376478
2024-08-07 17:06:12 DEBUG MessageConsumerServiceImpl:26 - -=-=| Received search-message: /search from 5298169204
2024-08-07 17:06:12 DEBUG SearcherServiceImpl:84 - -=-=-| User 5298169204 added to inSearch list
2024-08-07 17:06:12 DEBUG SearcherServiceImpl:156 - | CURRENT LIST: |
	BotUser{chatId='5298169204', state=IN_SEARCH, companion-id=null}

2024-08-07 17:07:02 DEBUG MessageConsumerServiceImpl:26 - -=-=| Received search-message: /stop from 5298169204
2024-08-07 17:07:02 DEBUG SearcherServiceImpl:126 - 5298169204 removed successfully from searchList: true
2024-08-07 17:07:02 DEBUG SearcherServiceImpl:133 - -=-=-| User 5298169204 stopped search
2024-08-07 17:07:02 DEBUG SearcherServiceImpl:156 - | CURRENT LIST: |


2024-08-07 17:07:04 DEBUG MessageConsumerServiceImpl:26 - -=-=| Received search-message: /search from 5298169204
2024-08-07 17:07:04 DEBUG SearcherServiceImpl:84 - -=-=-| User 5298169204 added to inSearch list
2024-08-07 17:07:04 DEBUG SearcherServiceImpl:156 - | CURRENT LIST: |
	BotUser{chatId='5298169204', state=IN_SEARCH, companion-id=null}

2024-08-07 17:07:57 DEBUG MessageConsumerServiceImpl:26 - -=-=| Received search-message: /search from 6580660854
2024-08-07 17:07:57 DEBUG SearcherServiceImpl:102 - -=-=-| CREATED DIALOG FOR: 6580660854 & 5298169204
2024-08-07 17:07:57 DEBUG SearcherServiceImpl:156 - | CURRENT LIST: |


2024-08-07 17:08:30 DEBUG MessageConsumerServiceImpl:26 - -=-=| Received search-message: /next from 6580660854
2024-08-07 17:08:31 DEBUG SearcherServiceImpl:84 - -=-=-| User 6580660854 added to inSearch list
2024-08-07 17:08:31 DEBUG SearcherServiceImpl:156 - | CURRENT LIST: |
	BotUser{chatId='6580660854', state=IN_SEARCH, companion-id=null}

2024-08-07 17:08:38 DEBUG MessageConsumerServiceImpl:26 - -=-=| Received search-message: /search from 5298169204
2024-08-07 17:08:38 DEBUG SearcherServiceImpl:102 - -=-=-| CREATED DIALOG FOR: 5298169204 & 6580660854
2024-08-07 17:08:38 DEBUG SearcherServiceImpl:156 - | CURRENT LIST: |


2024-08-07 17:09:16 DEBUG MessageConsumerServiceImpl:26 - -=-=| Received search-message: /search from 1196376478
2024-08-07 17:09:16 DEBUG SearcherServiceImpl:84 - -=-=-| User 1196376478 added to inSearch list
2024-08-07 17:09:16 DEBUG SearcherServiceImpl:156 - | CURRENT LIST: |
	BotUser{chatId='1196376478', state=IN_SEARCH, companion-id=null}

2024-08-07 17:09:22 DEBUG MessageConsumerServiceImpl:26 - -=-=| Received search-message: /stop from 6580660854
2024-08-07 17:09:22 DEBUG SearcherServiceImpl:120 - -=-=-| User 6580660854 stopped dialog with 5298169204
2024-08-07 17:09:26 DEBUG MessageConsumerServiceImpl:26 - -=-=| Received search-message: /search from 5298169204
2024-08-07 17:09:26 DEBUG SearcherServiceImpl:102 - -=-=-| CREATED DIALOG FOR: 5298169204 & 1196376478
2024-08-07 17:09:26 DEBUG SearcherServiceImpl:156 - | CURRENT LIST: |


2024-08-07 17:09:47 DEBUG MessageConsumerServiceImpl:26 - -=-=| Received search-message: /next from 5298169204
2024-08-07 17:09:48 DEBUG SearcherServiceImpl:84 - -=-=-| User 5298169204 added to inSearch list
2024-08-07 17:09:48 DEBUG SearcherServiceImpl:156 - | CURRENT LIST: |
	BotUser{chatId='5298169204', state=IN_SEARCH, companion-id=null}

2024-08-07 17:10:20 DEBUG MessageConsumerServiceImpl:26 - -=-=| Received search-message: /search from 1196376478
2024-08-07 17:10:21 DEBUG SearcherServiceImpl:102 - -=-=-| CREATED DIALOG FOR: 1196376478 & 5298169204
2024-08-07 17:10:21 DEBUG SearcherServiceImpl:156 - | CURRENT LIST: |


2024-08-07 17:11:21 DEBUG MessageConsumerServiceImpl:26 - -=-=| Received search-message: /next from 1196376478
2024-08-07 17:11:21 DEBUG SearcherServiceImpl:84 - -=-=-| User 1196376478 added to inSearch list
2024-08-07 17:11:21 DEBUG SearcherServiceImpl:156 - | CURRENT LIST: |
	BotUser{chatId='1196376478', state=IN_SEARCH, companion-id=null}

2024-08-07 17:12:00 DEBUG MessageConsumerServiceImpl:26 - -=-=| Received search-message: /stop from 1196376478
2024-08-07 17:12:00 DEBUG SearcherServiceImpl:126 - 1196376478 removed successfully from searchList: true
2024-08-07 17:12:00 DEBUG SearcherServiceImpl:133 - -=-=-| User 1196376478 stopped search
2024-08-07 17:12:00 DEBUG SearcherServiceImpl:156 - | CURRENT LIST: |


2024-08-07 17:17:05 DEBUG MessageConsumerServiceImpl:26 - -=-=| Received search-message: /search from 1196376478
2024-08-07 17:17:05 DEBUG SearcherServiceImpl:84 - -=-=-| User 1196376478 added to inSearch list
2024-08-07 17:17:05 DEBUG SearcherServiceImpl:156 - | CURRENT LIST: |
	BotUser{chatId='1196376478', state=IN_SEARCH, companion-id=null}

2024-08-07 17:17:23 DEBUG MessageConsumerServiceImpl:26 - -=-=| Received search-message: /next from 5841323814
2024-08-07 17:17:23 DEBUG SearcherServiceImpl:102 - -=-=-| CREATED DIALOG FOR: 5841323814 & 1196376478
2024-08-07 17:17:23 DEBUG SearcherServiceImpl:156 - | CURRENT LIST: |


2024-08-07 17:21:42 DEBUG MessageConsumerServiceImpl:26 - -=-=| Received search-message: /search from 1148467099
2024-08-07 17:21:42 DEBUG SearcherServiceImpl:84 - -=-=-| User 1148467099 added to inSearch list
2024-08-07 17:21:42 DEBUG SearcherServiceImpl:156 - | CURRENT LIST: |
	BotUser{chatId='1148467099', state=IN_SEARCH, companion-id=null}

2024-08-07 17:22:06 DEBUG MessageConsumerServiceImpl:26 - -=-=| Received search-message: /search from 2096966371
2024-08-07 17:22:06 DEBUG SearcherServiceImpl:102 - -=-=-| CREATED DIALOG FOR: 2096966371 & 1148467099
2024-08-07 17:22:06 DEBUG SearcherServiceImpl:156 - | CURRENT LIST: |


2024-08-07 17:22:26 DEBUG MessageConsumerServiceImpl:26 - -=-=| Received search-message: /next from 1196376478
2024-08-07 17:22:26 DEBUG SearcherServiceImpl:84 - -=-=-| User 1196376478 added to inSearch list
2024-08-07 17:22:26 DEBUG SearcherServiceImpl:156 - | CURRENT LIST: |
	BotUser{chatId='1196376478', state=IN_SEARCH, companion-id=null}

2024-08-07 17:26:16 DEBUG MessageConsumerServiceImpl:26 - -=-=| Received search-message: /next from 1148467099
2024-08-07 17:26:16 DEBUG SearcherServiceImpl:102 - -=-=-| CREATED DIALOG FOR: 1148467099 & 1196376478
2024-08-07 17:26:16 DEBUG SearcherServiceImpl:156 - | CURRENT LIST: |


2024-08-07 17:26:45 DEBUG MessageConsumerServiceImpl:26 - -=-=| Received search-message: /next from 1148467099
2024-08-07 17:26:45 DEBUG SearcherServiceImpl:84 - -=-=-| User 1148467099 added to inSearch list
2024-08-07 17:26:45 DEBUG SearcherServiceImpl:156 - | CURRENT LIST: |
	BotUser{chatId='1148467099', state=IN_SEARCH, companion-id=null}

2024-08-07 17:27:42 DEBUG MessageConsumerServiceImpl:26 - -=-=| Received search-message: /stop from 1148467099
2024-08-07 17:27:42 DEBUG SearcherServiceImpl:126 - 1148467099 removed successfully from searchList: true
2024-08-07 17:27:42 DEBUG SearcherServiceImpl:133 - -=-=-| User 1148467099 stopped search
2024-08-07 17:27:42 DEBUG SearcherServiceImpl:156 - | CURRENT LIST: |


2024-08-07 17:27:44 DEBUG MessageConsumerServiceImpl:26 - -=-=| Received search-message: /search from 1148467099
2024-08-07 17:27:44 DEBUG SearcherServiceImpl:84 - -=-=-| User 1148467099 added to inSearch list
2024-08-07 17:27:44 DEBUG SearcherServiceImpl:156 - | CURRENT LIST: |
	BotUser{chatId='1148467099', state=IN_SEARCH, companion-id=null}

2024-08-07 17:31:16 DEBUG MessageConsumerServiceImpl:26 - -=-=| Received search-message: /stop from 1148467099
2024-08-07 17:31:16 DEBUG SearcherServiceImpl:126 - 1148467099 removed successfully from searchList: true
2024-08-07 17:31:16 DEBUG SearcherServiceImpl:133 - -=-=-| User 1148467099 stopped search
2024-08-07 17:31:16 DEBUG SearcherServiceImpl:156 - | CURRENT LIST: |


2024-08-07 17:31:23 DEBUG MessageConsumerServiceImpl:26 - -=-=| Received search-message: /search from 5841323814
2024-08-07 17:31:23 DEBUG SearcherServiceImpl:84 - -=-=-| User 5841323814 added to inSearch list
2024-08-07 17:31:23 DEBUG SearcherServiceImpl:156 - | CURRENT LIST: |
	BotUser{chatId='5841323814', state=IN_SEARCH, companion-id=null}

2024-08-07 17:33:59 DEBUG MessageConsumerServiceImpl:26 - -=-=| Received search-message: /search from 1148467099
2024-08-07 17:33:59 DEBUG SearcherServiceImpl:102 - -=-=-| CREATED DIALOG FOR: 1148467099 & 5841323814
2024-08-07 17:33:59 DEBUG SearcherServiceImpl:156 - | CURRENT LIST: |


2024-08-07 17:36:05 DEBUG MessageConsumerServiceImpl:26 - -=-=| Received search-message: /next from 1148467099
2024-08-07 17:36:06 DEBUG SearcherServiceImpl:84 - -=-=-| User 1148467099 added to inSearch list
2024-08-07 17:36:06 DEBUG SearcherServiceImpl:156 - | CURRENT LIST: |
	BotUser{chatId='1148467099', state=IN_SEARCH, companion-id=null}

2024-08-07 17:36:15 DEBUG MessageConsumerServiceImpl:26 - -=-=| Received search-message: /search from 5841323814
2024-08-07 17:36:15 DEBUG SearcherServiceImpl:102 - -=-=-| CREATED DIALOG FOR: 5841323814 & 1148467099
2024-08-07 17:36:15 DEBUG SearcherServiceImpl:156 - | CURRENT LIST: |


2024-08-07 17:36:32 DEBUG MessageConsumerServiceImpl:26 - -=-=| Received search-message: /next from 1148467099
2024-08-07 17:36:32 DEBUG SearcherServiceImpl:84 - -=-=-| User 1148467099 added to inSearch list
2024-08-07 17:36:32 DEBUG SearcherServiceImpl:156 - | CURRENT LIST: |
	BotUser{chatId='1148467099', state=IN_SEARCH, companion-id=null}

2024-08-07 17:36:51 DEBUG MessageConsumerServiceImpl:26 - -=-=| Received search-message: /search from 5841323814
2024-08-07 17:36:51 DEBUG SearcherServiceImpl:102 - -=-=-| CREATED DIALOG FOR: 5841323814 & 1148467099
2024-08-07 17:36:51 DEBUG SearcherServiceImpl:156 - | CURRENT LIST: |


2024-08-07 17:38:02 DEBUG MessageConsumerServiceImpl:26 - -=-=| Received search-message: /search from 1196376478
2024-08-07 17:38:02 DEBUG SearcherServiceImpl:84 - -=-=-| User 1196376478 added to inSearch list
2024-08-07 17:38:02 DEBUG SearcherServiceImpl:156 - | CURRENT LIST: |
	BotUser{chatId='1196376478', state=IN_SEARCH, companion-id=null}

2024-08-07 17:38:18 DEBUG MessageConsumerServiceImpl:26 - -=-=| Received search-message: /stop from 1196376478
2024-08-07 17:38:18 DEBUG SearcherServiceImpl:126 - 1196376478 removed successfully from searchList: true
2024-08-07 17:38:18 DEBUG SearcherServiceImpl:133 - -=-=-| User 1196376478 stopped search
2024-08-07 17:38:18 DEBUG SearcherServiceImpl:156 - | CURRENT LIST: |


2024-08-07 17:39:11 DEBUG MessageConsumerServiceImpl:26 - -=-=| Received search-message: /next from 1148467099
2024-08-07 17:39:11 DEBUG SearcherServiceImpl:84 - -=-=-| User 1148467099 added to inSearch list
2024-08-07 17:39:11 DEBUG SearcherServiceImpl:156 - | CURRENT LIST: |
	BotUser{chatId='1148467099', state=IN_SEARCH, companion-id=null}

2024-08-07 17:42:29 DEBUG MessageConsumerServiceImpl:26 - -=-=| Received search-message: /search from 1379016220
2024-08-07 17:42:29 DEBUG SearcherServiceImpl:102 - -=-=-| CREATED DIALOG FOR: 1379016220 & 1148467099
2024-08-07 17:42:29 DEBUG SearcherServiceImpl:156 - | CURRENT LIST: |


2024-08-07 17:44:02 DEBUG MessageConsumerServiceImpl:26 - -=-=| Received search-message: /search from 5841323814
2024-08-07 17:44:02 DEBUG SearcherServiceImpl:84 - -=-=-| User 5841323814 added to inSearch list
2024-08-07 17:44:02 DEBUG SearcherServiceImpl:156 - | CURRENT LIST: |
	BotUser{chatId='5841323814', state=IN_SEARCH, companion-id=null}

2024-08-07 17:46:34 DEBUG MessageConsumerServiceImpl:26 - -=-=| Received search-message: /stop from 5841323814
2024-08-07 17:46:34 DEBUG SearcherServiceImpl:126 - 5841323814 removed successfully from searchList: true
2024-08-07 17:46:34 DEBUG SearcherServiceImpl:133 - -=-=-| User 5841323814 stopped search
2024-08-07 17:46:34 DEBUG SearcherServiceImpl:156 - | CURRENT LIST: |


2024-08-07 17:46:38 DEBUG MessageConsumerServiceImpl:26 - -=-=| Received search-message: /search from 5841323814
2024-08-07 17:46:38 DEBUG SearcherServiceImpl:84 - -=-=-| User 5841323814 added to inSearch list
2024-08-07 17:46:38 DEBUG SearcherServiceImpl:156 - | CURRENT LIST: |
	BotUser{chatId='5841323814', state=IN_SEARCH, companion-id=null}

2024-08-07 17:48:23 DEBUG MessageConsumerServiceImpl:26 - -=-=| Received search-message: /next from 1379016220
2024-08-07 17:48:23 DEBUG SearcherServiceImpl:102 - -=-=-| CREATED DIALOG FOR: 1379016220 & 5841323814
2024-08-07 17:48:23 DEBUG SearcherServiceImpl:156 - | CURRENT LIST: |


2024-08-07 17:48:50 DEBUG MessageConsumerServiceImpl:26 - -=-=| Received search-message: /search from 1148467099
2024-08-07 17:48:50 DEBUG SearcherServiceImpl:84 - -=-=-| User 1148467099 added to inSearch list
2024-08-07 17:48:50 DEBUG SearcherServiceImpl:156 - | CURRENT LIST: |
	BotUser{chatId='1148467099', state=IN_SEARCH, companion-id=null}

2024-08-07 17:50:46 DEBUG MessageConsumerServiceImpl:26 - -=-=| Received search-message: /search from 1196376478
2024-08-07 17:50:46 DEBUG SearcherServiceImpl:102 - -=-=-| CREATED DIALOG FOR: 1196376478 & 1148467099
2024-08-07 17:50:46 DEBUG SearcherServiceImpl:156 - | CURRENT LIST: |


2024-08-07 17:50:55 DEBUG MessageConsumerServiceImpl:26 - -=-=| Received search-message: /next from 1148467099
2024-08-07 17:50:55 DEBUG SearcherServiceImpl:84 - -=-=-| User 1148467099 added to inSearch list
2024-08-07 17:50:55 DEBUG SearcherServiceImpl:156 - | CURRENT LIST: |
	BotUser{chatId='1148467099', state=IN_SEARCH, companion-id=null}

2024-08-07 17:53:54 DEBUG MessageConsumerServiceImpl:26 - -=-=| Received search-message: /search from 2096966371
2024-08-07 17:53:54 DEBUG SearcherServiceImpl:102 - -=-=-| CREATED DIALOG FOR: 2096966371 & 1148467099
2024-08-07 17:53:54 DEBUG SearcherServiceImpl:156 - | CURRENT LIST: |


2024-08-07 17:55:44 DEBUG MessageConsumerServiceImpl:26 - -=-=| Received search-message: /next from 1379016220
2024-08-07 17:55:44 DEBUG SearcherServiceImpl:84 - -=-=-| User 1379016220 added to inSearch list
2024-08-07 17:55:44 DEBUG SearcherServiceImpl:156 - | CURRENT LIST: |
	BotUser{chatId='1379016220', state=IN_SEARCH, companion-id=null}

2024-08-07 17:56:18 DEBUG MessageConsumerServiceImpl:26 - -=-=| Received search-message: /search from 5841323814
2024-08-07 17:56:18 DEBUG SearcherServiceImpl:102 - -=-=-| CREATED DIALOG FOR: 5841323814 & 1379016220
2024-08-07 17:56:18 DEBUG SearcherServiceImpl:156 - | CURRENT LIST: |


2024-08-07 17:56:49 DEBUG MessageConsumerServiceImpl:26 - -=-=| Received search-message: /next from 1148467099
2024-08-07 17:56:49 DEBUG SearcherServiceImpl:84 - -=-=-| User 1148467099 added to inSearch list
2024-08-07 17:56:49 DEBUG SearcherServiceImpl:156 - | CURRENT LIST: |
	BotUser{chatId='1148467099', state=IN_SEARCH, companion-id=null}

2024-08-07 17:58:10 DEBUG MessageConsumerServiceImpl:26 - -=-=| Received search-message: /next from 5841323814
2024-08-07 17:58:10 DEBUG SearcherServiceImpl:102 - -=-=-| CREATED DIALOG FOR: 5841323814 & 1148467099
2024-08-07 17:58:10 DEBUG SearcherServiceImpl:156 - | CURRENT LIST: |


2024-08-07 17:59:55 DEBUG MessageConsumerServiceImpl:26 - -=-=| Received search-message: /next from 5841323814
2024-08-07 17:59:55 DEBUG SearcherServiceImpl:84 - -=-=-| User 5841323814 added to inSearch list
2024-08-07 17:59:55 DEBUG SearcherServiceImpl:156 - | CURRENT LIST: |
	BotUser{chatId='5841323814', state=IN_SEARCH, companion-id=null}

2024-08-07 18:01:27 DEBUG MessageConsumerServiceImpl:26 - -=-=| Received search-message: /stop from 5841323814
2024-08-07 18:01:27 DEBUG SearcherServiceImpl:126 - 5841323814 removed successfully from searchList: true
2024-08-07 18:01:27 DEBUG SearcherServiceImpl:133 - -=-=-| User 5841323814 stopped search
2024-08-07 18:01:27 DEBUG SearcherServiceImpl:156 - | CURRENT LIST: |


2024-08-07 18:01:31 DEBUG MessageConsumerServiceImpl:26 - -=-=| Received search-message: /search from 5841323814
2024-08-07 18:01:31 DEBUG SearcherServiceImpl:84 - -=-=-| User 5841323814 added to inSearch list
2024-08-07 18:01:31 DEBUG SearcherServiceImpl:156 - | CURRENT LIST: |
	BotUser{chatId='5841323814', state=IN_SEARCH, companion-id=null}

2024-08-07 18:01:47 DEBUG MessageConsumerServiceImpl:26 - -=-=| Received search-message: /search from 1379016220
2024-08-07 18:01:47 DEBUG SearcherServiceImpl:102 - -=-=-| CREATED DIALOG FOR: 1379016220 & 5841323814
2024-08-07 18:01:47 DEBUG SearcherServiceImpl:156 - | CURRENT LIST: |


2024-08-07 18:02:22 DEBUG MessageConsumerServiceImpl:26 - -=-=| Received search-message: /next from 5841323814
2024-08-07 18:02:22 DEBUG SearcherServiceImpl:84 - -=-=-| User 5841323814 added to inSearch list
2024-08-07 18:02:22 DEBUG SearcherServiceImpl:156 - | CURRENT LIST: |
	BotUser{chatId='5841323814', state=IN_SEARCH, companion-id=null}

2024-08-07 18:02:27 DEBUG MessageConsumerServiceImpl:26 - -=-=| Received search-message: /search from 1379016220
2024-08-07 18:02:27 DEBUG SearcherServiceImpl:102 - -=-=-| CREATED DIALOG FOR: 1379016220 & 5841323814
2024-08-07 18:02:27 DEBUG SearcherServiceImpl:156 - | CURRENT LIST: |


2024-08-07 18:10:09 DEBUG MessageConsumerServiceImpl:26 - -=-=| Received search-message: /next from 5841323814
2024-08-07 18:10:09 DEBUG SearcherServiceImpl:84 - -=-=-| User 5841323814 added to inSearch list
2024-08-07 18:10:09 DEBUG SearcherServiceImpl:156 - | CURRENT LIST: |
	BotUser{chatId='5841323814', state=IN_SEARCH, companion-id=null}

2024-08-07 18:10:48 DEBUG MessageConsumerServiceImpl:26 - -=-=| Received search-message: /search from 1298504078
2024-08-07 18:10:48 DEBUG SearcherServiceImpl:102 - -=-=-| CREATED DIALOG FOR: 1298504078 & 5841323814
2024-08-07 18:10:48 DEBUG SearcherServiceImpl:156 - | CURRENT LIST: |


2024-08-07 18:19:40 DEBUG MessageConsumerServiceImpl:26 - -=-=| Received search-message: /search from 5979869215
2024-08-07 18:19:40 DEBUG SearcherServiceImpl:84 - -=-=-| User 5979869215 added to inSearch list
2024-08-07 18:19:40 DEBUG SearcherServiceImpl:156 - | CURRENT LIST: |
	BotUser{chatId='5979869215', state=IN_SEARCH, companion-id=null}

2024-08-07 18:21:48 DEBUG MessageConsumerServiceImpl:26 - -=-=| Received search-message: /search from 1273592316
2024-08-07 18:21:48 DEBUG SearcherServiceImpl:102 - -=-=-| CREATED DIALOG FOR: 1273592316 & 5979869215
2024-08-07 18:21:48 DEBUG SearcherServiceImpl:156 - | CURRENT LIST: |


2024-08-07 18:22:04 DEBUG MessageConsumerServiceImpl:26 - -=-=| Received search-message: /next from 1273592316
2024-08-07 18:22:04 DEBUG SearcherServiceImpl:84 - -=-=-| User 1273592316 added to inSearch list
2024-08-07 18:22:04 DEBUG SearcherServiceImpl:156 - | CURRENT LIST: |
	BotUser{chatId='1273592316', state=IN_SEARCH, companion-id=null}

2024-08-07 18:22:08 DEBUG MessageConsumerServiceImpl:26 - -=-=| Received search-message: /search from 5979869215
2024-08-07 18:22:08 DEBUG SearcherServiceImpl:102 - -=-=-| CREATED DIALOG FOR: 5979869215 & 1273592316
2024-08-07 18:22:08 DEBUG SearcherServiceImpl:156 - | CURRENT LIST: |


2024-08-07 18:22:15 DEBUG MessageConsumerServiceImpl:26 - -=-=| Received search-message: /next from 1273592316
2024-08-07 18:22:15 DEBUG SearcherServiceImpl:84 - -=-=-| User 1273592316 added to inSearch list
2024-08-07 18:22:15 DEBUG SearcherServiceImpl:156 - | CURRENT LIST: |
	BotUser{chatId='1273592316', state=IN_SEARCH, companion-id=null}

2024-08-07 18:22:17 DEBUG MessageConsumerServiceImpl:26 - -=-=| Received search-message: /search from 5979869215
2024-08-07 18:22:17 DEBUG SearcherServiceImpl:102 - -=-=-| CREATED DIALOG FOR: 5979869215 & 1273592316
2024-08-07 18:22:17 DEBUG SearcherServiceImpl:156 - | CURRENT LIST: |


2024-08-07 18:22:23 DEBUG MessageConsumerServiceImpl:26 - -=-=| Received search-message: /next from 5979869215
2024-08-07 18:22:24 DEBUG SearcherServiceImpl:84 - -=-=-| User 5979869215 added to inSearch list
2024-08-07 18:22:24 DEBUG SearcherServiceImpl:156 - | CURRENT LIST: |
	BotUser{chatId='5979869215', state=IN_SEARCH, companion-id=null}

2024-08-07 18:22:26 DEBUG MessageConsumerServiceImpl:26 - -=-=| Received search-message: /search from 1273592316
2024-08-07 18:22:26 DEBUG SearcherServiceImpl:102 - -=-=-| CREATED DIALOG FOR: 1273592316 & 5979869215
2024-08-07 18:22:26 DEBUG SearcherServiceImpl:156 - | CURRENT LIST: |


2024-08-07 18:22:30 DEBUG MessageConsumerServiceImpl:26 - -=-=| Received search-message: /stop from 5979869215
2024-08-07 18:22:30 DEBUG SearcherServiceImpl:120 - -=-=-| User 5979869215 stopped dialog with 1273592316
2024-08-07 18:22:33 DEBUG MessageConsumerServiceImpl:26 - -=-=| Received search-message: /search from 5979869215
2024-08-07 18:22:33 DEBUG SearcherServiceImpl:84 - -=-=-| User 5979869215 added to inSearch list
2024-08-07 18:22:33 DEBUG SearcherServiceImpl:156 - | CURRENT LIST: |
	BotUser{chatId='5979869215', state=IN_SEARCH, companion-id=null}

2024-08-07 18:25:01 DEBUG MessageConsumerServiceImpl:26 - -=-=| Received search-message: /stop from 5979869215
2024-08-07 18:25:01 DEBUG SearcherServiceImpl:126 - 5979869215 removed successfully from searchList: true
2024-08-07 18:25:01 DEBUG SearcherServiceImpl:133 - -=-=-| User 5979869215 stopped search
2024-08-07 18:25:01 DEBUG SearcherServiceImpl:156 - | CURRENT LIST: |


2024-08-07 18:25:07 DEBUG MessageConsumerServiceImpl:26 - -=-=| Received search-message: /search from 5979869215
2024-08-07 18:25:07 DEBUG SearcherServiceImpl:84 - -=-=-| User 5979869215 added to inSearch list
2024-08-07 18:25:07 DEBUG SearcherServiceImpl:156 - | CURRENT LIST: |
	BotUser{chatId='5979869215', state=IN_SEARCH, companion-id=null}

2024-08-07 18:25:28 DEBUG MessageConsumerServiceImpl:26 - -=-=| Received search-message: /stop from 5979869215
2024-08-07 18:25:28 DEBUG SearcherServiceImpl:126 - 5979869215 removed successfully from searchList: true
2024-08-07 18:25:28 DEBUG SearcherServiceImpl:133 - -=-=-| User 5979869215 stopped search
2024-08-07 18:25:28 DEBUG SearcherServiceImpl:156 - | CURRENT LIST: |


2024-08-07 18:44:22 DEBUG MessageConsumerServiceImpl:26 - -=-=| Received search-message: /search from 1273592316
2024-08-07 18:44:22 DEBUG SearcherServiceImpl:84 - -=-=-| User 1273592316 added to inSearch list
2024-08-07 18:44:22 DEBUG SearcherServiceImpl:156 - | CURRENT LIST: |
	BotUser{chatId='1273592316', state=IN_SEARCH, companion-id=null}

2024-08-07 18:49:48 DEBUG MessageConsumerServiceImpl:26 - -=-=| Received search-message: /stop from 1273592316
2024-08-07 18:49:48 DEBUG SearcherServiceImpl:126 - 1273592316 removed successfully from searchList: true
2024-08-07 18:49:48 DEBUG SearcherServiceImpl:133 - -=-=-| User 1273592316 stopped search
2024-08-07 18:49:48 DEBUG SearcherServiceImpl:156 - | CURRENT LIST: |


2024-08-07 18:49:49 DEBUG MessageConsumerServiceImpl:26 - -=-=| Received search-message: /search from 1273592316
2024-08-07 18:49:49 DEBUG SearcherServiceImpl:84 - -=-=-| User 1273592316 added to inSearch list
2024-08-07 18:49:49 DEBUG SearcherServiceImpl:156 - | CURRENT LIST: |
	BotUser{chatId='1273592316', state=IN_SEARCH, companion-id=null}

2024-08-07 18:54:05 DEBUG MessageConsumerServiceImpl:26 - -=-=| Received search-message: /search from 1379016220
2024-08-07 18:54:05 DEBUG SearcherServiceImpl:102 - -=-=-| CREATED DIALOG FOR: 1379016220 & 1273592316
2024-08-07 18:54:05 DEBUG SearcherServiceImpl:156 - | CURRENT LIST: |


2024-08-07 18:54:53 DEBUG MessageConsumerServiceImpl:26 - -=-=| Received search-message: /stop from 1273592316
2024-08-07 18:54:53 DEBUG SearcherServiceImpl:120 - -=-=-| User 1273592316 stopped dialog with 1379016220
2024-08-07 18:55:04 DEBUG MessageConsumerServiceImpl:26 - -=-=| Received search-message: /search from 1273592316
2024-08-07 18:55:04 DEBUG SearcherServiceImpl:84 - -=-=-| User 1273592316 added to inSearch list
2024-08-07 18:55:04 DEBUG SearcherServiceImpl:156 - | CURRENT LIST: |
	BotUser{chatId='1273592316', state=IN_SEARCH, companion-id=null}

2024-08-07 18:55:04 DEBUG MessageConsumerServiceImpl:26 - -=-=| Received search-message: /search from 1379016220
2024-08-07 18:55:04 DEBUG SearcherServiceImpl:102 - -=-=-| CREATED DIALOG FOR: 1379016220 & 1273592316
2024-08-07 18:55:04 DEBUG SearcherServiceImpl:156 - | CURRENT LIST: |


2024-08-07 18:55:17 DEBUG MessageConsumerServiceImpl:26 - -=-=| Received search-message: /next from 1273592316
2024-08-07 18:55:17 DEBUG SearcherServiceImpl:84 - -=-=-| User 1273592316 added to inSearch list
2024-08-07 18:55:17 DEBUG SearcherServiceImpl:156 - | CURRENT LIST: |
	BotUser{chatId='1273592316', state=IN_SEARCH, companion-id=null}

2024-08-07 18:55:21 DEBUG MessageConsumerServiceImpl:26 - -=-=| Received search-message: /search from 1379016220
2024-08-07 18:55:21 DEBUG SearcherServiceImpl:102 - -=-=-| CREATED DIALOG FOR: 1379016220 & 1273592316
2024-08-07 18:55:21 DEBUG SearcherServiceImpl:156 - | CURRENT LIST: |


2024-08-07 18:55:35 DEBUG MessageConsumerServiceImpl:26 - -=-=| Received search-message: /next from 1273592316
2024-08-07 18:55:35 DEBUG SearcherServiceImpl:84 - -=-=-| User 1273592316 added to inSearch list
2024-08-07 18:55:35 DEBUG SearcherServiceImpl:156 - | CURRENT LIST: |
	BotUser{chatId='1273592316', state=IN_SEARCH, companion-id=null}

2024-08-07 18:55:45 DEBUG MessageConsumerServiceImpl:26 - -=-=| Received search-message: /search from 1379016220
2024-08-07 18:55:45 DEBUG SearcherServiceImpl:102 - -=-=-| CREATED DIALOG FOR: 1379016220 & 1273592316
2024-08-07 18:55:45 DEBUG SearcherServiceImpl:156 - | CURRENT LIST: |


2024-08-07 18:56:02 DEBUG MessageConsumerServiceImpl:26 - -=-=| Received search-message: /stop from 1273592316
2024-08-07 18:56:02 DEBUG SearcherServiceImpl:120 - -=-=-| User 1273592316 stopped dialog with 1379016220
2024-08-07 18:56:03 DEBUG MessageConsumerServiceImpl:26 - -=-=| Received search-message: /next from 1298504078
2024-08-07 18:56:03 DEBUG SearcherServiceImpl:84 - -=-=-| User 1298504078 added to inSearch list
2024-08-07 18:56:03 DEBUG SearcherServiceImpl:156 - | CURRENT LIST: |
	BotUser{chatId='1298504078', state=IN_SEARCH, companion-id=null}

2024-08-07 18:56:04 DEBUG MessageConsumerServiceImpl:26 - -=-=| Received search-message: /search from 1273592316
2024-08-07 18:56:04 DEBUG SearcherServiceImpl:102 - -=-=-| CREATED DIALOG FOR: 1273592316 & 1298504078
2024-08-07 18:56:04 DEBUG SearcherServiceImpl:156 - | CURRENT LIST: |


2024-08-07 18:56:05 DEBUG MessageConsumerServiceImpl:26 - -=-=| Received search-message: /search from 1379016220
2024-08-07 18:56:05 DEBUG SearcherServiceImpl:84 - -=-=-| User 1379016220 added to inSearch list
2024-08-07 18:56:05 DEBUG SearcherServiceImpl:156 - | CURRENT LIST: |
	BotUser{chatId='1379016220', state=IN_SEARCH, companion-id=null}

2024-08-07 18:56:06 DEBUG MessageConsumerServiceImpl:26 - -=-=| Received search-message: /search from 5841323814
2024-08-07 18:56:06 DEBUG SearcherServiceImpl:102 - -=-=-| CREATED DIALOG FOR: 5841323814 & 1379016220
2024-08-07 18:56:06 DEBUG SearcherServiceImpl:156 - | CURRENT LIST: |


2024-08-07 18:56:29 DEBUG MessageConsumerServiceImpl:26 - -=-=| Received search-message: /stop from 1273592316
2024-08-07 18:56:29 DEBUG SearcherServiceImpl:120 - -=-=-| User 1273592316 stopped dialog with 1298504078
2024-08-07 18:56:31 DEBUG MessageConsumerServiceImpl:26 - -=-=| Received search-message: /search from 1273592316
2024-08-07 18:56:31 DEBUG SearcherServiceImpl:84 - -=-=-| User 1273592316 added to inSearch list
2024-08-07 18:56:31 DEBUG SearcherServiceImpl:156 - | CURRENT LIST: |
	BotUser{chatId='1273592316', state=IN_SEARCH, companion-id=null}

2024-08-07 18:56:35 DEBUG MessageConsumerServiceImpl:26 - -=-=| Received search-message: /search from 1298504078
2024-08-07 18:56:35 DEBUG SearcherServiceImpl:102 - -=-=-| CREATED DIALOG FOR: 1298504078 & 1273592316
2024-08-07 18:56:35 DEBUG SearcherServiceImpl:156 - | CURRENT LIST: |


2024-08-07 18:56:51 DEBUG MessageConsumerServiceImpl:26 - -=-=| Received search-message: /next from 1273592316
2024-08-07 18:56:51 DEBUG SearcherServiceImpl:84 - -=-=-| User 1273592316 added to inSearch list
2024-08-07 18:56:51 DEBUG SearcherServiceImpl:156 - | CURRENT LIST: |
	BotUser{chatId='1273592316', state=IN_SEARCH, companion-id=null}

2024-08-07 18:56:56 DEBUG MessageConsumerServiceImpl:26 - -=-=| Received search-message: /search from 1298504078
2024-08-07 18:56:56 DEBUG SearcherServiceImpl:102 - -=-=-| CREATED DIALOG FOR: 1298504078 & 1273592316
2024-08-07 18:56:56 DEBUG SearcherServiceImpl:156 - | CURRENT LIST: |


2024-08-07 18:57:10 DEBUG MessageConsumerServiceImpl:26 - -=-=| Received search-message: /next from 1273592316
2024-08-07 18:57:10 DEBUG SearcherServiceImpl:84 - -=-=-| User 1273592316 added to inSearch list
2024-08-07 18:57:10 DEBUG SearcherServiceImpl:156 - | CURRENT LIST: |
	BotUser{chatId='1273592316', state=IN_SEARCH, companion-id=null}

2024-08-07 18:57:12 DEBUG MessageConsumerServiceImpl:26 - -=-=| Received search-message: /search from 1298504078
2024-08-07 18:57:12 DEBUG SearcherServiceImpl:102 - -=-=-| CREATED DIALOG FOR: 1298504078 & 1273592316
2024-08-07 18:57:12 DEBUG SearcherServiceImpl:156 - | CURRENT LIST: |


2024-08-07 18:57:26 DEBUG MessageConsumerServiceImpl:26 - -=-=| Received search-message: /next from 1273592316
2024-08-07 18:57:26 DEBUG SearcherServiceImpl:84 - -=-=-| User 1273592316 added to inSearch list
2024-08-07 18:57:26 DEBUG SearcherServiceImpl:156 - | CURRENT LIST: |
	BotUser{chatId='1273592316', state=IN_SEARCH, companion-id=null}

2024-08-07 18:57:31 DEBUG MessageConsumerServiceImpl:26 - -=-=| Received search-message: /search from 1298504078
2024-08-07 18:57:32 DEBUG SearcherServiceImpl:102 - -=-=-| CREATED DIALOG FOR: 1298504078 & 1273592316
2024-08-07 18:57:32 DEBUG SearcherServiceImpl:156 - | CURRENT LIST: |


2024-08-07 18:58:24 DEBUG MessageConsumerServiceImpl:26 - -=-=| Received search-message: /next from 1273592316
2024-08-07 18:58:24 DEBUG SearcherServiceImpl:84 - -=-=-| User 1273592316 added to inSearch list
2024-08-07 18:58:24 DEBUG SearcherServiceImpl:156 - | CURRENT LIST: |
	BotUser{chatId='1273592316', state=IN_SEARCH, companion-id=null}

2024-08-07 18:58:27 DEBUG MessageConsumerServiceImpl:26 - -=-=| Received search-message: /search from 1298504078
2024-08-07 18:58:27 DEBUG SearcherServiceImpl:102 - -=-=-| CREATED DIALOG FOR: 1298504078 & 1273592316
2024-08-07 18:58:27 DEBUG SearcherServiceImpl:156 - | CURRENT LIST: |


2024-08-07 18:58:43 DEBUG MessageConsumerServiceImpl:26 - -=-=| Received search-message: /stop from 1273592316
2024-08-07 18:58:43 DEBUG SearcherServiceImpl:120 - -=-=-| User 1273592316 stopped dialog with 1298504078
2024-08-07 19:02:50 DEBUG MessageConsumerServiceImpl:26 - -=-=| Received search-message: /next from 5841323814
2024-08-07 19:02:50 DEBUG SearcherServiceImpl:84 - -=-=-| User 5841323814 added to inSearch list
2024-08-07 19:02:50 DEBUG SearcherServiceImpl:156 - | CURRENT LIST: |
	BotUser{chatId='5841323814', state=IN_SEARCH, companion-id=null}

2024-08-07 19:03:03 DEBUG MessageConsumerServiceImpl:26 - -=-=| Received search-message: /stop from 5841323814
2024-08-07 19:03:03 DEBUG SearcherServiceImpl:126 - 5841323814 removed successfully from searchList: true
2024-08-07 19:03:03 DEBUG SearcherServiceImpl:133 - -=-=-| User 5841323814 stopped search
2024-08-07 19:03:03 DEBUG SearcherServiceImpl:156 - | CURRENT LIST: |


2024-08-07 19:03:28 DEBUG MessageConsumerServiceImpl:26 - -=-=| Received search-message: /search from 5841323814
2024-08-07 19:03:28 DEBUG SearcherServiceImpl:84 - -=-=-| User 5841323814 added to inSearch list
2024-08-07 19:03:28 DEBUG SearcherServiceImpl:156 - | CURRENT LIST: |
	BotUser{chatId='5841323814', state=IN_SEARCH, companion-id=null}

2024-08-07 19:03:39 DEBUG MessageConsumerServiceImpl:26 - -=-=| Received search-message: /search from 1379016220
2024-08-07 19:03:39 DEBUG SearcherServiceImpl:102 - -=-=-| CREATED DIALOG FOR: 1379016220 & 5841323814
2024-08-07 19:03:39 DEBUG SearcherServiceImpl:156 - | CURRENT LIST: |


2024-08-07 19:09:32 DEBUG MessageConsumerServiceImpl:26 - -=-=| Received search-message: /next from 5841323814
2024-08-07 19:09:32 DEBUG SearcherServiceImpl:84 - -=-=-| User 5841323814 added to inSearch list
2024-08-07 19:09:32 DEBUG SearcherServiceImpl:156 - | CURRENT LIST: |
	BotUser{chatId='5841323814', state=IN_SEARCH, companion-id=null}

2024-08-07 19:18:12 DEBUG MessageConsumerServiceImpl:26 - -=-=| Received search-message: /stop from 5841323814
2024-08-07 19:18:12 DEBUG SearcherServiceImpl:126 - 5841323814 removed successfully from searchList: true
2024-08-07 19:18:12 DEBUG SearcherServiceImpl:133 - -=-=-| User 5841323814 stopped search
2024-08-07 19:18:12 DEBUG SearcherServiceImpl:156 - | CURRENT LIST: |


2024-08-07 19:18:21 DEBUG MessageConsumerServiceImpl:26 - -=-=| Received search-message: /search from 5841323814
2024-08-07 19:18:21 DEBUG SearcherServiceImpl:84 - -=-=-| User 5841323814 added to inSearch list
2024-08-07 19:18:21 DEBUG SearcherServiceImpl:156 - | CURRENT LIST: |
	BotUser{chatId='5841323814', state=IN_SEARCH, companion-id=null}

2024-08-07 19:21:21 DEBUG MessageConsumerServiceImpl:26 - -=-=| Received search-message: /stop from 5841323814
2024-08-07 19:21:21 DEBUG SearcherServiceImpl:126 - 5841323814 removed successfully from searchList: true
2024-08-07 19:21:21 DEBUG SearcherServiceImpl:133 - -=-=-| User 5841323814 stopped search
2024-08-07 19:21:21 DEBUG SearcherServiceImpl:156 - | CURRENT LIST: |


2024-08-07 19:21:23 DEBUG MessageConsumerServiceImpl:26 - -=-=| Received search-message: /search from 5841323814
2024-08-07 19:21:23 DEBUG SearcherServiceImpl:84 - -=-=-| User 5841323814 added to inSearch list
2024-08-07 19:21:23 DEBUG SearcherServiceImpl:156 - | CURRENT LIST: |
	BotUser{chatId='5841323814', state=IN_SEARCH, companion-id=null}

2024-08-07 19:23:29 DEBUG MessageConsumerServiceImpl:26 - -=-=| Received search-message: /stop from 5841323814
2024-08-07 19:23:29 DEBUG SearcherServiceImpl:126 - 5841323814 removed successfully from searchList: true
2024-08-07 19:23:29 DEBUG SearcherServiceImpl:133 - -=-=-| User 5841323814 stopped search
2024-08-07 19:23:29 DEBUG SearcherServiceImpl:156 - | CURRENT LIST: |


2024-08-07 20:02:38 DEBUG MessageConsumerServiceImpl:26 - -=-=| Received search-message: /search from 5979869215
2024-08-07 20:02:38 DEBUG SearcherServiceImpl:84 - -=-=-| User 5979869215 added to inSearch list
2024-08-07 20:02:38 DEBUG SearcherServiceImpl:156 - | CURRENT LIST: |
	BotUser{chatId='5979869215', state=IN_SEARCH, companion-id=null}

2024-08-07 20:05:05 DEBUG MessageConsumerServiceImpl:26 - -=-=| Received search-message: /stop from 5979869215
2024-08-07 20:05:05 DEBUG SearcherServiceImpl:126 - 5979869215 removed successfully from searchList: true
2024-08-07 20:05:05 DEBUG SearcherServiceImpl:133 - -=-=-| User 5979869215 stopped search
2024-08-07 20:05:05 DEBUG SearcherServiceImpl:156 - | CURRENT LIST: |


2024-08-07 20:05:08 DEBUG MessageConsumerServiceImpl:26 - -=-=| Received search-message: /search from 5979869215
2024-08-07 20:05:08 DEBUG SearcherServiceImpl:84 - -=-=-| User 5979869215 added to inSearch list
2024-08-07 20:05:08 DEBUG SearcherServiceImpl:156 - | CURRENT LIST: |
	BotUser{chatId='5979869215', state=IN_SEARCH, companion-id=null}

2024-08-07 20:07:56 DEBUG MessageConsumerServiceImpl:26 - -=-=| Received search-message: /stop from 5979869215
2024-08-07 20:07:56 DEBUG SearcherServiceImpl:126 - 5979869215 removed successfully from searchList: true
2024-08-07 20:07:56 DEBUG SearcherServiceImpl:133 - -=-=-| User 5979869215 stopped search
2024-08-07 20:07:56 DEBUG SearcherServiceImpl:156 - | CURRENT LIST: |


2024-08-07 20:07:59 DEBUG MessageConsumerServiceImpl:26 - -=-=| Received search-message: /search from 5979869215
2024-08-07 20:07:59 DEBUG SearcherServiceImpl:84 - -=-=-| User 5979869215 added to inSearch list
2024-08-07 20:07:59 DEBUG SearcherServiceImpl:156 - | CURRENT LIST: |
	BotUser{chatId='5979869215', state=IN_SEARCH, companion-id=null}

2024-08-07 20:11:49 DEBUG MessageConsumerServiceImpl:26 - -=-=| Received search-message: /search from 1273592316
2024-08-07 20:11:49 DEBUG SearcherServiceImpl:102 - -=-=-| CREATED DIALOG FOR: 1273592316 & 5979869215
2024-08-07 20:11:49 DEBUG SearcherServiceImpl:156 - | CURRENT LIST: |


2024-08-07 20:12:08 DEBUG MessageConsumerServiceImpl:26 - -=-=| Received search-message: /next from 5979869215
2024-08-07 20:12:08 DEBUG SearcherServiceImpl:84 - -=-=-| User 5979869215 added to inSearch list
2024-08-07 20:12:08 DEBUG SearcherServiceImpl:156 - | CURRENT LIST: |
	BotUser{chatId='5979869215', state=IN_SEARCH, companion-id=null}

2024-08-07 20:12:11 DEBUG MessageConsumerServiceImpl:26 - -=-=| Received search-message: /search from 1273592316
2024-08-07 20:12:11 DEBUG SearcherServiceImpl:102 - -=-=-| CREATED DIALOG FOR: 1273592316 & 5979869215
2024-08-07 20:12:11 DEBUG SearcherServiceImpl:156 - | CURRENT LIST: |


2024-08-07 20:12:15 DEBUG MessageConsumerServiceImpl:26 - -=-=| Received search-message: /next from 5979869215
2024-08-07 20:12:15 DEBUG SearcherServiceImpl:84 - -=-=-| User 5979869215 added to inSearch list
2024-08-07 20:12:15 DEBUG SearcherServiceImpl:156 - | CURRENT LIST: |
	BotUser{chatId='5979869215', state=IN_SEARCH, companion-id=null}

2024-08-07 20:12:17 DEBUG MessageConsumerServiceImpl:26 - -=-=| Received search-message: /search from 1273592316
2024-08-07 20:12:17 DEBUG SearcherServiceImpl:102 - -=-=-| CREATED DIALOG FOR: 1273592316 & 5979869215
2024-08-07 20:12:17 DEBUG SearcherServiceImpl:156 - | CURRENT LIST: |


2024-08-07 20:12:30 DEBUG MessageConsumerServiceImpl:26 - -=-=| Received search-message: /next from 1273592316
2024-08-07 20:12:30 DEBUG SearcherServiceImpl:84 - -=-=-| User 1273592316 added to inSearch list
2024-08-07 20:12:30 DEBUG SearcherServiceImpl:156 - | CURRENT LIST: |
	BotUser{chatId='1273592316', state=IN_SEARCH, companion-id=null}

2024-08-07 20:12:45 DEBUG MessageConsumerServiceImpl:26 - -=-=| Received search-message: /search from 5979869215
2024-08-07 20:12:45 DEBUG SearcherServiceImpl:102 - -=-=-| CREATED DIALOG FOR: 5979869215 & 1273592316
2024-08-07 20:12:45 DEBUG SearcherServiceImpl:156 - | CURRENT LIST: |


2024-08-07 20:13:40 DEBUG MessageConsumerServiceImpl:26 - -=-=| Received search-message: /next from 5979869215
2024-08-07 20:13:40 DEBUG SearcherServiceImpl:84 - -=-=-| User 5979869215 added to inSearch list
2024-08-07 20:13:40 DEBUG SearcherServiceImpl:156 - | CURRENT LIST: |
	BotUser{chatId='5979869215', state=IN_SEARCH, companion-id=null}

2024-08-07 21:01:40 DEBUG MessageConsumerServiceImpl:26 - -=-=| Received search-message: /search from 1196376478
2024-08-07 21:01:40 DEBUG SearcherServiceImpl:102 - -=-=-| CREATED DIALOG FOR: 1196376478 & 5979869215
2024-08-07 21:01:40 DEBUG SearcherServiceImpl:156 - | CURRENT LIST: |


2024-08-07 21:02:07 DEBUG MessageConsumerServiceImpl:26 - -=-=| Received search-message: /next from 1196376478
2024-08-07 21:02:07 DEBUG SearcherServiceImpl:84 - -=-=-| User 1196376478 added to inSearch list
2024-08-07 21:02:07 DEBUG SearcherServiceImpl:156 - | CURRENT LIST: |
	BotUser{chatId='1196376478', state=IN_SEARCH, companion-id=null}

2024-08-07 21:02:43 DEBUG MessageConsumerServiceImpl:26 - -=-=| Received search-message: /stop from 1196376478
2024-08-07 21:02:43 DEBUG SearcherServiceImpl:126 - 1196376478 removed successfully from searchList: true
2024-08-07 21:02:43 DEBUG SearcherServiceImpl:133 - -=-=-| User 1196376478 stopped search
2024-08-07 21:02:43 DEBUG SearcherServiceImpl:156 - | CURRENT LIST: |


2024-08-07 21:17:31 DEBUG MessageConsumerServiceImpl:26 - -=-=| Received search-message: /search from 1196376478
2024-08-07 21:17:31 DEBUG SearcherServiceImpl:84 - -=-=-| User 1196376478 added to inSearch list
2024-08-07 21:17:31 DEBUG SearcherServiceImpl:156 - | CURRENT LIST: |
	BotUser{chatId='1196376478', state=IN_SEARCH, companion-id=null}

2024-08-07 21:17:35 DEBUG MessageConsumerServiceImpl:26 - -=-=| Received search-message: /stop from 1196376478
2024-08-07 21:17:35 DEBUG SearcherServiceImpl:126 - 1196376478 removed successfully from searchList: true
2024-08-07 21:17:35 DEBUG SearcherServiceImpl:133 - -=-=-| User 1196376478 stopped search
2024-08-07 21:17:35 DEBUG SearcherServiceImpl:156 - | CURRENT LIST: |


2024-08-07 21:37:42 DEBUG MessageConsumerServiceImpl:26 - -=-=| Received search-message: /search from 1639182187
2024-08-07 21:37:42 DEBUG SearcherServiceImpl:84 - -=-=-| User 1639182187 added to inSearch list
2024-08-07 21:37:42 DEBUG SearcherServiceImpl:156 - | CURRENT LIST: |
	BotUser{chatId='1639182187', state=IN_SEARCH, companion-id=null}

2024-08-07 21:38:12 DEBUG MessageConsumerServiceImpl:26 - -=-=| Received search-message: /search from 424419471
2024-08-07 21:38:12 DEBUG SearcherServiceImpl:102 - -=-=-| CREATED DIALOG FOR: 424419471 & 1639182187
2024-08-07 21:38:12 DEBUG SearcherServiceImpl:156 - | CURRENT LIST: |


2024-08-07 21:38:32 DEBUG MessageConsumerServiceImpl:26 - -=-=| Received search-message: /next from 424419471
2024-08-07 21:38:32 DEBUG SearcherServiceImpl:84 - -=-=-| User 424419471 added to inSearch list
2024-08-07 21:38:32 DEBUG SearcherServiceImpl:156 - | CURRENT LIST: |
	BotUser{chatId='424419471', state=IN_SEARCH, companion-id=null}

2024-08-07 21:38:47 DEBUG MessageConsumerServiceImpl:26 - -=-=| Received search-message: /search from 1639182187
2024-08-07 21:38:47 DEBUG SearcherServiceImpl:102 - -=-=-| CREATED DIALOG FOR: 1639182187 & 424419471
2024-08-07 21:38:47 DEBUG SearcherServiceImpl:156 - | CURRENT LIST: |


2024-08-07 21:38:53 DEBUG MessageConsumerServiceImpl:26 - -=-=| Received search-message: /next from 424419471
2024-08-07 21:38:53 DEBUG SearcherServiceImpl:84 - -=-=-| User 424419471 added to inSearch list
2024-08-07 21:38:53 DEBUG SearcherServiceImpl:156 - | CURRENT LIST: |
	BotUser{chatId='424419471', state=IN_SEARCH, companion-id=null}

2024-08-07 21:38:56 DEBUG MessageConsumerServiceImpl:26 - -=-=| Received search-message: /search from 1639182187
2024-08-07 21:38:56 DEBUG SearcherServiceImpl:102 - -=-=-| CREATED DIALOG FOR: 1639182187 & 424419471
2024-08-07 21:38:56 DEBUG SearcherServiceImpl:156 - | CURRENT LIST: |


2024-08-07 21:39:04 DEBUG MessageConsumerServiceImpl:26 - -=-=| Received search-message: /next from 424419471
2024-08-07 21:39:04 DEBUG SearcherServiceImpl:84 - -=-=-| User 424419471 added to inSearch list
2024-08-07 21:39:04 DEBUG SearcherServiceImpl:156 - | CURRENT LIST: |
	BotUser{chatId='424419471', state=IN_SEARCH, companion-id=null}

2024-08-07 21:39:15 DEBUG MessageConsumerServiceImpl:26 - -=-=| Received search-message: /search from 1639182187
2024-08-07 21:39:15 DEBUG SearcherServiceImpl:102 - -=-=-| CREATED DIALOG FOR: 1639182187 & 424419471
2024-08-07 21:39:15 DEBUG SearcherServiceImpl:156 - | CURRENT LIST: |


2024-08-07 21:39:46 DEBUG MessageConsumerServiceImpl:26 - -=-=| Received search-message: /next from 424419471
2024-08-07 21:39:47 DEBUG SearcherServiceImpl:84 - -=-=-| User 424419471 added to inSearch list
2024-08-07 21:39:47 DEBUG SearcherServiceImpl:156 - | CURRENT LIST: |
	BotUser{chatId='424419471', state=IN_SEARCH, companion-id=null}

2024-08-07 21:39:53 DEBUG MessageConsumerServiceImpl:26 - -=-=| Received search-message: /search from 1639182187
2024-08-07 21:39:53 DEBUG SearcherServiceImpl:102 - -=-=-| CREATED DIALOG FOR: 1639182187 & 424419471
2024-08-07 21:39:53 DEBUG SearcherServiceImpl:156 - | CURRENT LIST: |


2024-08-07 21:39:58 DEBUG MessageConsumerServiceImpl:26 - -=-=| Received search-message: /next from 424419471
2024-08-07 21:39:58 DEBUG SearcherServiceImpl:84 - -=-=-| User 424419471 added to inSearch list
2024-08-07 21:39:58 DEBUG SearcherServiceImpl:156 - | CURRENT LIST: |
	BotUser{chatId='424419471', state=IN_SEARCH, companion-id=null}

2024-08-07 21:40:00 DEBUG MessageConsumerServiceImpl:26 - -=-=| Received search-message: /search from 1639182187
2024-08-07 21:40:00 DEBUG SearcherServiceImpl:102 - -=-=-| CREATED DIALOG FOR: 1639182187 & 424419471
2024-08-07 21:40:00 DEBUG SearcherServiceImpl:156 - | CURRENT LIST: |


2024-08-07 21:40:44 DEBUG MessageConsumerServiceImpl:26 - -=-=| Received search-message: /stop from 1639182187
2024-08-07 21:40:44 DEBUG SearcherServiceImpl:120 - -=-=-| User 1639182187 stopped dialog with 424419471
2024-08-07 21:44:00 DEBUG MessageConsumerServiceImpl:26 - -=-=| Received search-message: /search from 1196376478
2024-08-07 21:44:00 DEBUG SearcherServiceImpl:84 - -=-=-| User 1196376478 added to inSearch list
2024-08-07 21:44:00 DEBUG SearcherServiceImpl:156 - | CURRENT LIST: |
	BotUser{chatId='1196376478', state=IN_SEARCH, companion-id=null}

2024-08-07 22:09:46 DEBUG MessageConsumerServiceImpl:26 - -=-=| Received search-message: /search from 1801833577
2024-08-07 22:09:46 DEBUG SearcherServiceImpl:102 - -=-=-| CREATED DIALOG FOR: 1801833577 & 1196376478
2024-08-07 22:09:46 DEBUG SearcherServiceImpl:156 - | CURRENT LIST: |


2024-08-07 22:28:46 DEBUG MessageConsumerServiceImpl:26 - -=-=| Received search-message: /stop from 1801833577
2024-08-07 22:28:46 DEBUG SearcherServiceImpl:120 - -=-=-| User 1801833577 stopped dialog with 1196376478
2024-08-07 22:30:02 DEBUG MessageConsumerServiceImpl:26 - -=-=| Received search-message: /search from 1196376478
2024-08-07 22:30:02 DEBUG SearcherServiceImpl:84 - -=-=-| User 1196376478 added to inSearch list
2024-08-07 22:30:02 DEBUG SearcherServiceImpl:156 - | CURRENT LIST: |
	BotUser{chatId='1196376478', state=IN_SEARCH, companion-id=null}

2024-08-07 22:41:32 DEBUG MessageConsumerServiceImpl:26 - -=-=| Received search-message: /search from 5980613270
2024-08-07 22:41:32 DEBUG SearcherServiceImpl:102 - -=-=-| CREATED DIALOG FOR: 5980613270 & 1196376478
2024-08-07 22:41:32 DEBUG SearcherServiceImpl:156 - | CURRENT LIST: |


2024-08-07 22:45:24 DEBUG MessageConsumerServiceImpl:26 - -=-=| Received search-message: /stop from 5980613270
2024-08-07 22:45:24 DEBUG SearcherServiceImpl:120 - -=-=-| User 5980613270 stopped dialog with 1196376478
2024-08-07 22:45:35 DEBUG MessageConsumerServiceImpl:26 - -=-=| Received search-message: /search from 1196376478
2024-08-07 22:45:35 DEBUG SearcherServiceImpl:84 - -=-=-| User 1196376478 added to inSearch list
2024-08-07 22:45:35 DEBUG SearcherServiceImpl:156 - | CURRENT LIST: |
	BotUser{chatId='1196376478', state=IN_SEARCH, companion-id=null}

2024-08-07 23:26:55 DEBUG MessageConsumerServiceImpl:26 - -=-=| Received search-message: /search from 6580660854
2024-08-07 23:26:55 DEBUG SearcherServiceImpl:102 - -=-=-| CREATED DIALOG FOR: 6580660854 & 1196376478
2024-08-07 23:26:55 DEBUG SearcherServiceImpl:156 - | CURRENT LIST: |


2024-08-07 23:27:40 DEBUG MessageConsumerServiceImpl:26 - -=-=| Received search-message: /next from 1196376478
2024-08-07 23:27:40 DEBUG SearcherServiceImpl:84 - -=-=-| User 1196376478 added to inSearch list
2024-08-07 23:27:40 DEBUG SearcherServiceImpl:156 - | CURRENT LIST: |
	BotUser{chatId='1196376478', state=IN_SEARCH, companion-id=null}

2024-08-07 23:27:44 DEBUG MessageConsumerServiceImpl:26 - -=-=| Received search-message: /search from 6580660854
2024-08-07 23:27:44 DEBUG SearcherServiceImpl:102 - -=-=-| CREATED DIALOG FOR: 6580660854 & 1196376478
2024-08-07 23:27:44 DEBUG SearcherServiceImpl:156 - | CURRENT LIST: |


2024-08-07 23:27:55 DEBUG MessageConsumerServiceImpl:26 - -=-=| Received search-message: /next from 6580660854
2024-08-07 23:27:56 DEBUG SearcherServiceImpl:84 - -=-=-| User 6580660854 added to inSearch list
2024-08-07 23:27:56 DEBUG SearcherServiceImpl:156 - | CURRENT LIST: |
	BotUser{chatId='6580660854', state=IN_SEARCH, companion-id=null}

2024-08-07 23:28:17 DEBUG MessageConsumerServiceImpl:26 - -=-=| Received search-message: /search from 1196376478
2024-08-07 23:28:17 DEBUG SearcherServiceImpl:102 - -=-=-| CREATED DIALOG FOR: 1196376478 & 6580660854
2024-08-07 23:28:17 DEBUG SearcherServiceImpl:156 - | CURRENT LIST: |


2024-08-07 23:28:36 DEBUG MessageConsumerServiceImpl:26 - -=-=| Received search-message: /next from 6580660854
2024-08-07 23:28:36 DEBUG SearcherServiceImpl:84 - -=-=-| User 6580660854 added to inSearch list
2024-08-07 23:28:36 DEBUG SearcherServiceImpl:156 - | CURRENT LIST: |
	BotUser{chatId='6580660854', state=IN_SEARCH, companion-id=null}

2024-08-07 23:29:16 DEBUG MessageConsumerServiceImpl:26 - -=-=| Received search-message: /stop from 6580660854
2024-08-07 23:29:16 DEBUG SearcherServiceImpl:126 - 6580660854 removed successfully from searchList: true
2024-08-07 23:29:16 DEBUG SearcherServiceImpl:133 - -=-=-| User 6580660854 stopped search
2024-08-07 23:29:16 DEBUG SearcherServiceImpl:156 - | CURRENT LIST: |


2024-08-07 23:29:19 DEBUG MessageConsumerServiceImpl:26 - -=-=| Received search-message: /search from 6580660854
2024-08-07 23:29:19 DEBUG SearcherServiceImpl:84 - -=-=-| User 6580660854 added to inSearch list
2024-08-07 23:29:19 DEBUG SearcherServiceImpl:156 - | CURRENT LIST: |
	BotUser{chatId='6580660854', state=IN_SEARCH, companion-id=null}

2024-08-07 23:29:54 DEBUG MessageConsumerServiceImpl:26 - -=-=| Received search-message: /search from 1196376478
2024-08-07 23:29:54 DEBUG SearcherServiceImpl:102 - -=-=-| CREATED DIALOG FOR: 1196376478 & 6580660854
2024-08-07 23:29:54 DEBUG SearcherServiceImpl:156 - | CURRENT LIST: |


2024-08-07 23:30:10 DEBUG MessageConsumerServiceImpl:26 - -=-=| Received search-message: /stop from 6580660854
2024-08-07 23:30:10 DEBUG SearcherServiceImpl:120 - -=-=-| User 6580660854 stopped dialog with 1196376478
2024-08-07 23:30:14 DEBUG MessageConsumerServiceImpl:26 - -=-=| Received search-message: /search from 1196376478
2024-08-07 23:30:14 DEBUG SearcherServiceImpl:84 - -=-=-| User 1196376478 added to inSearch list
2024-08-07 23:30:14 DEBUG SearcherServiceImpl:156 - | CURRENT LIST: |
	BotUser{chatId='1196376478', state=IN_SEARCH, companion-id=null}

2024-08-07 23:47:57 DEBUG MessageConsumerServiceImpl:26 - -=-=| Received search-message: /search from 6023271763
2024-08-07 23:47:57 DEBUG SearcherServiceImpl:102 - -=-=-| CREATED DIALOG FOR: 6023271763 & 1196376478
2024-08-07 23:47:57 DEBUG SearcherServiceImpl:156 - | CURRENT LIST: |


2024-08-07 23:50:03 DEBUG MessageConsumerServiceImpl:26 - -=-=| Received search-message: /next from 6023271763
2024-08-07 23:50:03 DEBUG SearcherServiceImpl:84 - -=-=-| User 6023271763 added to inSearch list
2024-08-07 23:50:03 DEBUG SearcherServiceImpl:156 - | CURRENT LIST: |
	BotUser{chatId='6023271763', state=IN_SEARCH, companion-id=null}

2024-08-07 23:50:06 DEBUG MessageConsumerServiceImpl:26 - -=-=| Received search-message: /search from 1196376478
2024-08-07 23:50:06 DEBUG SearcherServiceImpl:102 - -=-=-| CREATED DIALOG FOR: 1196376478 & 6023271763
2024-08-07 23:50:06 DEBUG SearcherServiceImpl:156 - | CURRENT LIST: |


2024-08-07 23:52:53 DEBUG MessageConsumerServiceImpl:26 - -=-=| Received search-message: /next from 6023271763
2024-08-07 23:52:53 DEBUG SearcherServiceImpl:84 - -=-=-| User 6023271763 added to inSearch list
2024-08-07 23:52:53 DEBUG SearcherServiceImpl:156 - | CURRENT LIST: |
	BotUser{chatId='6023271763', state=IN_SEARCH, companion-id=null}

2024-08-07 23:52:57 DEBUG MessageConsumerServiceImpl:26 - -=-=| Received search-message: /search from 1196376478
2024-08-07 23:52:57 DEBUG SearcherServiceImpl:102 - -=-=-| CREATED DIALOG FOR: 1196376478 & 6023271763
2024-08-07 23:52:57 DEBUG SearcherServiceImpl:156 - | CURRENT LIST: |


2024-08-08 00:13:31 DEBUG MessageConsumerServiceImpl:26 - -=-=| Received search-message: /next from 6023271763
2024-08-08 00:13:31 DEBUG SearcherServiceImpl:84 - -=-=-| User 6023271763 added to inSearch list
2024-08-08 00:13:31 DEBUG SearcherServiceImpl:156 - | CURRENT LIST: |
	BotUser{chatId='6023271763', state=IN_SEARCH, companion-id=null}

2024-08-08 00:13:39 DEBUG MessageConsumerServiceImpl:26 - -=-=| Received search-message: /search from 1196376478
2024-08-08 00:13:39 DEBUG SearcherServiceImpl:102 - -=-=-| CREATED DIALOG FOR: 1196376478 & 6023271763
2024-08-08 00:13:39 DEBUG SearcherServiceImpl:156 - | CURRENT LIST: |


2024-08-08 00:13:59 DEBUG MessageConsumerServiceImpl:26 - -=-=| Received search-message: /stop from 6023271763
2024-08-08 00:13:59 DEBUG SearcherServiceImpl:120 - -=-=-| User 6023271763 stopped dialog with 1196376478
2024-08-08 00:14:00 DEBUG MessageConsumerServiceImpl:26 - -=-=| Received search-message: /search from 6023271763
2024-08-08 00:14:00 DEBUG SearcherServiceImpl:84 - -=-=-| User 6023271763 added to inSearch list
2024-08-08 00:14:00 DEBUG SearcherServiceImpl:156 - | CURRENT LIST: |
	BotUser{chatId='6023271763', state=IN_SEARCH, companion-id=null}

2024-08-08 00:14:28 DEBUG MessageConsumerServiceImpl:26 - -=-=| Received search-message: /search from 1196376478
2024-08-08 00:14:28 DEBUG SearcherServiceImpl:102 - -=-=-| CREATED DIALOG FOR: 1196376478 & 6023271763
2024-08-08 00:14:28 DEBUG SearcherServiceImpl:156 - | CURRENT LIST: |


2024-08-08 00:15:07 DEBUG MessageConsumerServiceImpl:26 - -=-=| Received search-message: /next from 6023271763
2024-08-08 00:15:07 DEBUG SearcherServiceImpl:84 - -=-=-| User 6023271763 added to inSearch list
2024-08-08 00:15:07 DEBUG SearcherServiceImpl:156 - | CURRENT LIST: |
	BotUser{chatId='6023271763', state=IN_SEARCH, companion-id=null}

2024-08-08 00:16:00 DEBUG MessageConsumerServiceImpl:26 - -=-=| Received search-message: /search from 1196376478
2024-08-08 00:16:00 DEBUG SearcherServiceImpl:102 - -=-=-| CREATED DIALOG FOR: 1196376478 & 6023271763
2024-08-08 00:16:00 DEBUG SearcherServiceImpl:156 - | CURRENT LIST: |


2024-08-08 00:16:17 DEBUG MessageConsumerServiceImpl:26 - -=-=| Received search-message: /next from 1196376478
2024-08-08 00:16:17 DEBUG SearcherServiceImpl:84 - -=-=-| User 1196376478 added to inSearch list
2024-08-08 00:16:17 DEBUG SearcherServiceImpl:156 - | CURRENT LIST: |
	BotUser{chatId='1196376478', state=IN_SEARCH, companion-id=null}

2024-08-08 00:16:20 DEBUG MessageConsumerServiceImpl:26 - -=-=| Received search-message: /search from 6023271763
2024-08-08 00:16:20 DEBUG SearcherServiceImpl:102 - -=-=-| CREATED DIALOG FOR: 6023271763 & 1196376478
2024-08-08 00:16:20 DEBUG SearcherServiceImpl:156 - | CURRENT LIST: |


2024-08-08 00:25:53 DEBUG MessageConsumerServiceImpl:26 - -=-=| Received search-message: /next from 6023271763
2024-08-08 00:25:53 DEBUG SearcherServiceImpl:84 - -=-=-| User 6023271763 added to inSearch list
2024-08-08 00:25:53 DEBUG SearcherServiceImpl:156 - | CURRENT LIST: |
	BotUser{chatId='6023271763', state=IN_SEARCH, companion-id=null}

2024-08-08 00:26:06 DEBUG MessageConsumerServiceImpl:26 - -=-=| Received search-message: /search from 1196376478
2024-08-08 00:26:06 DEBUG SearcherServiceImpl:102 - -=-=-| CREATED DIALOG FOR: 1196376478 & 6023271763
2024-08-08 00:26:06 DEBUG SearcherServiceImpl:156 - | CURRENT LIST: |


2024-08-08 00:26:17 DEBUG MessageConsumerServiceImpl:26 - -=-=| Received search-message: /next from 1196376478
2024-08-08 00:26:17 DEBUG SearcherServiceImpl:84 - -=-=-| User 1196376478 added to inSearch list
2024-08-08 00:26:17 DEBUG SearcherServiceImpl:156 - | CURRENT LIST: |
	BotUser{chatId='1196376478', state=IN_SEARCH, companion-id=null}

2024-08-08 00:26:20 DEBUG MessageConsumerServiceImpl:26 - -=-=| Received search-message: /search from 6023271763
2024-08-08 00:26:20 DEBUG SearcherServiceImpl:102 - -=-=-| CREATED DIALOG FOR: 6023271763 & 1196376478
2024-08-08 00:26:20 DEBUG SearcherServiceImpl:156 - | CURRENT LIST: |


2024-08-08 00:27:05 DEBUG MessageConsumerServiceImpl:26 - -=-=| Received search-message: /stop from 1196376478
2024-08-08 00:27:05 DEBUG SearcherServiceImpl:120 - -=-=-| User 1196376478 stopped dialog with 6023271763
2024-08-08 00:27:10 DEBUG MessageConsumerServiceImpl:26 - -=-=| Received search-message: /search from 6023271763
2024-08-08 00:27:10 DEBUG SearcherServiceImpl:84 - -=-=-| User 6023271763 added to inSearch list
2024-08-08 00:27:10 DEBUG SearcherServiceImpl:156 - | CURRENT LIST: |
	BotUser{chatId='6023271763', state=IN_SEARCH, companion-id=null}

2024-08-08 01:10:24 DEBUG MessageConsumerServiceImpl:26 - -=-=| Received search-message: /search from 1196376478
2024-08-08 01:10:24 DEBUG SearcherServiceImpl:102 - -=-=-| CREATED DIALOG FOR: 1196376478 & 6023271763
2024-08-08 01:10:24 DEBUG SearcherServiceImpl:156 - | CURRENT LIST: |


2024-08-08 01:11:12 DEBUG MessageConsumerServiceImpl:26 - -=-=| Received search-message: /next from 1196376478
2024-08-08 01:11:12 DEBUG SearcherServiceImpl:84 - -=-=-| User 1196376478 added to inSearch list
2024-08-08 01:11:12 DEBUG SearcherServiceImpl:156 - | CURRENT LIST: |
	BotUser{chatId='1196376478', state=IN_SEARCH, companion-id=null}

2024-08-08 01:11:23 DEBUG MessageConsumerServiceImpl:26 - -=-=| Received search-message: /stop from 1196376478
2024-08-08 01:11:23 DEBUG SearcherServiceImpl:126 - 1196376478 removed successfully from searchList: true
2024-08-08 01:11:23 DEBUG SearcherServiceImpl:133 - -=-=-| User 1196376478 stopped search
2024-08-08 01:11:23 DEBUG SearcherServiceImpl:156 - | CURRENT LIST: |


2024-08-08 01:41:21 DEBUG MessageConsumerServiceImpl:26 - -=-=| Received search-message: /search from 7384655809
2024-08-08 01:41:21 DEBUG SearcherServiceImpl:84 - -=-=-| User 7384655809 added to inSearch list
2024-08-08 01:41:21 DEBUG SearcherServiceImpl:156 - | CURRENT LIST: |
	BotUser{chatId='7384655809', state=IN_SEARCH, companion-id=null}

2024-08-08 01:42:17 DEBUG MessageConsumerServiceImpl:26 - -=-=| Received search-message: /stop from 7384655809
2024-08-08 01:42:17 DEBUG SearcherServiceImpl:126 - 7384655809 removed successfully from searchList: true
2024-08-08 01:42:17 DEBUG SearcherServiceImpl:133 - -=-=-| User 7384655809 stopped search
2024-08-08 01:42:17 DEBUG SearcherServiceImpl:156 - | CURRENT LIST: |


2024-08-08 01:42:19 DEBUG MessageConsumerServiceImpl:26 - -=-=| Received search-message: /search from 7384655809
2024-08-08 01:42:19 DEBUG SearcherServiceImpl:84 - -=-=-| User 7384655809 added to inSearch list
2024-08-08 01:42:19 DEBUG SearcherServiceImpl:156 - | CURRENT LIST: |
	BotUser{chatId='7384655809', state=IN_SEARCH, companion-id=null}

2024-08-08 01:44:14 DEBUG MessageConsumerServiceImpl:26 - -=-=| Received search-message: /stop from 7384655809
2024-08-08 01:44:14 DEBUG SearcherServiceImpl:126 - 7384655809 removed successfully from searchList: true
2024-08-08 01:44:14 DEBUG SearcherServiceImpl:133 - -=-=-| User 7384655809 stopped search
2024-08-08 01:44:14 DEBUG SearcherServiceImpl:156 - | CURRENT LIST: |


2024-08-08 01:45:39 DEBUG MessageConsumerServiceImpl:26 - -=-=| Received search-message: /search from 7384655809
2024-08-08 01:45:39 DEBUG SearcherServiceImpl:84 - -=-=-| User 7384655809 added to inSearch list
2024-08-08 01:45:39 DEBUG SearcherServiceImpl:156 - | CURRENT LIST: |
	BotUser{chatId='7384655809', state=IN_SEARCH, companion-id=null}

2024-08-08 01:51:18 DEBUG MessageConsumerServiceImpl:26 - -=-=| Received search-message: /stop from 7384655809
2024-08-08 01:51:18 DEBUG SearcherServiceImpl:126 - 7384655809 removed successfully from searchList: true
2024-08-08 01:51:18 DEBUG SearcherServiceImpl:133 - -=-=-| User 7384655809 stopped search
2024-08-08 01:51:18 DEBUG SearcherServiceImpl:156 - | CURRENT LIST: |


2024-08-08 02:01:11 DEBUG MessageConsumerServiceImpl:26 - -=-=| Received search-message: /search from 5842733960
2024-08-08 02:01:11 DEBUG SearcherServiceImpl:84 - -=-=-| User 5842733960 added to inSearch list
2024-08-08 02:01:11 DEBUG SearcherServiceImpl:156 - | CURRENT LIST: |
	BotUser{chatId='5842733960', state=IN_SEARCH, companion-id=null}

2024-08-08 02:01:47 DEBUG MessageConsumerServiceImpl:26 - -=-=| Received search-message: /stop from 5842733960
2024-08-08 02:01:47 DEBUG SearcherServiceImpl:126 - 5842733960 removed successfully from searchList: true
2024-08-08 02:01:47 DEBUG SearcherServiceImpl:133 - -=-=-| User 5842733960 stopped search
2024-08-08 02:01:47 DEBUG SearcherServiceImpl:156 - | CURRENT LIST: |


2024-08-08 03:03:30 DEBUG MessageConsumerServiceImpl:26 - -=-=| Received search-message: /search from 6023271763
2024-08-08 03:03:30 DEBUG SearcherServiceImpl:84 - -=-=-| User 6023271763 added to inSearch list
2024-08-08 03:03:30 DEBUG SearcherServiceImpl:156 - | CURRENT LIST: |
	BotUser{chatId='6023271763', state=IN_SEARCH, companion-id=null}

2024-08-08 03:11:48 DEBUG MessageConsumerServiceImpl:26 - -=-=| Received search-message: /stop from 6023271763
2024-08-08 03:11:48 DEBUG SearcherServiceImpl:126 - 6023271763 removed successfully from searchList: true
2024-08-08 03:11:48 DEBUG SearcherServiceImpl:133 - -=-=-| User 6023271763 stopped search
2024-08-08 03:11:48 DEBUG SearcherServiceImpl:156 - | CURRENT LIST: |


2024-08-08 05:12:21 DEBUG MessageConsumerServiceImpl:26 - -=-=| Received search-message: /search from 6406975999
2024-08-08 05:12:21 DEBUG SearcherServiceImpl:84 - -=-=-| User 6406975999 added to inSearch list
2024-08-08 05:12:21 DEBUG SearcherServiceImpl:156 - | CURRENT LIST: |
	BotUser{chatId='6406975999', state=IN_SEARCH, companion-id=null}

2024-08-08 08:37:25 DEBUG MessageConsumerServiceImpl:26 - -=-=| Received search-message: /search from 1273592316
2024-08-08 08:37:25 DEBUG SearcherServiceImpl:102 - -=-=-| CREATED DIALOG FOR: 1273592316 & 6406975999
2024-08-08 08:37:25 DEBUG SearcherServiceImpl:156 - | CURRENT LIST: |


2024-08-08 08:38:03 DEBUG MessageConsumerServiceImpl:26 - -=-=| Received search-message: /next from 1273592316
2024-08-08 08:38:03 DEBUG SearcherServiceImpl:84 - -=-=-| User 1273592316 added to inSearch list
2024-08-08 08:38:03 DEBUG SearcherServiceImpl:156 - | CURRENT LIST: |
	BotUser{chatId='1273592316', state=IN_SEARCH, companion-id=null}

2024-08-08 08:46:12 DEBUG MessageConsumerServiceImpl:26 - -=-=| Received search-message: /search from 5298169204
2024-08-08 08:46:12 DEBUG SearcherServiceImpl:102 - -=-=-| CREATED DIALOG FOR: 5298169204 & 1273592316
2024-08-08 08:46:12 DEBUG SearcherServiceImpl:156 - | CURRENT LIST: |


2024-08-08 08:51:59 DEBUG MessageConsumerServiceImpl:26 - -=-=| Received search-message: /next from 1273592316
2024-08-08 08:51:59 DEBUG SearcherServiceImpl:84 - -=-=-| User 1273592316 added to inSearch list
2024-08-08 08:51:59 DEBUG SearcherServiceImpl:156 - | CURRENT LIST: |
	BotUser{chatId='1273592316', state=IN_SEARCH, companion-id=null}

2024-08-08 09:03:48 DEBUG MessageConsumerServiceImpl:26 - -=-=| Received search-message: /search from 5298169204
2024-08-08 09:03:48 DEBUG SearcherServiceImpl:102 - -=-=-| CREATED DIALOG FOR: 5298169204 & 1273592316
2024-08-08 09:03:48 DEBUG SearcherServiceImpl:156 - | CURRENT LIST: |


2024-08-08 09:13:12 DEBUG MessageConsumerServiceImpl:26 - -=-=| Received search-message: /next from 1273592316
2024-08-08 09:13:12 DEBUG SearcherServiceImpl:84 - -=-=-| User 1273592316 added to inSearch list
2024-08-08 09:13:12 DEBUG SearcherServiceImpl:156 - | CURRENT LIST: |
	BotUser{chatId='1273592316', state=IN_SEARCH, companion-id=null}

2024-08-08 09:46:09 DEBUG MessageConsumerServiceImpl:26 - -=-=| Received search-message: /search from 5298169204
2024-08-08 09:46:09 DEBUG SearcherServiceImpl:102 - -=-=-| CREATED DIALOG FOR: 5298169204 & 1273592316
2024-08-08 09:46:09 DEBUG SearcherServiceImpl:156 - | CURRENT LIST: |


2024-08-08 09:48:48 DEBUG MessageConsumerServiceImpl:26 - -=-=| Received search-message: /next from 5298169204
2024-08-08 09:48:48 DEBUG SearcherServiceImpl:84 - -=-=-| User 5298169204 added to inSearch list
2024-08-08 09:48:48 DEBUG SearcherServiceImpl:156 - | CURRENT LIST: |
	BotUser{chatId='5298169204', state=IN_SEARCH, companion-id=null}

2024-08-08 09:49:18 DEBUG MessageConsumerServiceImpl:26 - -=-=| Received search-message: /search from 1273592316
2024-08-08 09:49:18 DEBUG SearcherServiceImpl:102 - -=-=-| CREATED DIALOG FOR: 1273592316 & 5298169204
2024-08-08 09:49:18 DEBUG SearcherServiceImpl:156 - | CURRENT LIST: |


2024-08-08 09:49:57 DEBUG MessageConsumerServiceImpl:26 - -=-=| Received search-message: /next from 5298169204
2024-08-08 09:49:57 DEBUG SearcherServiceImpl:84 - -=-=-| User 5298169204 added to inSearch list
2024-08-08 09:49:57 DEBUG SearcherServiceImpl:156 - | CURRENT LIST: |
	BotUser{chatId='5298169204', state=IN_SEARCH, companion-id=null}

2024-08-08 09:50:06 DEBUG MessageConsumerServiceImpl:26 - -=-=| Received search-message: /search from 1273592316
2024-08-08 09:50:06 DEBUG SearcherServiceImpl:102 - -=-=-| CREATED DIALOG FOR: 1273592316 & 5298169204
2024-08-08 09:50:06 DEBUG SearcherServiceImpl:156 - | CURRENT LIST: |


2024-08-08 09:50:14 DEBUG MessageConsumerServiceImpl:26 - -=-=| Received search-message: /stop from 5298169204
2024-08-08 09:50:14 DEBUG SearcherServiceImpl:120 - -=-=-| User 5298169204 stopped dialog with 1273592316
2024-08-08 09:50:16 DEBUG MessageConsumerServiceImpl:26 - -=-=| Received search-message: /search from 5298169204
2024-08-08 09:50:16 DEBUG SearcherServiceImpl:84 - -=-=-| User 5298169204 added to inSearch list
2024-08-08 09:50:16 DEBUG SearcherServiceImpl:156 - | CURRENT LIST: |
	BotUser{chatId='5298169204', state=IN_SEARCH, companion-id=null}

2024-08-08 09:50:18 DEBUG MessageConsumerServiceImpl:26 - -=-=| Received search-message: /search from 1273592316
2024-08-08 09:50:18 DEBUG SearcherServiceImpl:102 - -=-=-| CREATED DIALOG FOR: 1273592316 & 5298169204
2024-08-08 09:50:18 DEBUG SearcherServiceImpl:156 - | CURRENT LIST: |


2024-08-08 09:50:27 DEBUG MessageConsumerServiceImpl:26 - -=-=| Received search-message: /next from 1273592316
2024-08-08 09:50:27 DEBUG SearcherServiceImpl:84 - -=-=-| User 1273592316 added to inSearch list
2024-08-08 09:50:27 DEBUG SearcherServiceImpl:156 - | CURRENT LIST: |
	BotUser{chatId='1273592316', state=IN_SEARCH, companion-id=null}

2024-08-08 10:05:40 DEBUG MessageConsumerServiceImpl:26 - -=-=| Received search-message: /search from 1379016220
2024-08-08 10:05:40 DEBUG SearcherServiceImpl:102 - -=-=-| CREATED DIALOG FOR: 1379016220 & 1273592316
2024-08-08 10:05:40 DEBUG SearcherServiceImpl:156 - | CURRENT LIST: |


2024-08-08 10:06:02 DEBUG MessageConsumerServiceImpl:26 - -=-=| Received search-message: /stop from 1379016220
2024-08-08 10:06:02 DEBUG SearcherServiceImpl:120 - -=-=-| User 1379016220 stopped dialog with 1273592316
2024-08-08 10:06:05 DEBUG MessageConsumerServiceImpl:26 - -=-=| Received search-message: /search from 1379016220
2024-08-08 10:06:05 DEBUG SearcherServiceImpl:84 - -=-=-| User 1379016220 added to inSearch list
2024-08-08 10:06:05 DEBUG SearcherServiceImpl:156 - | CURRENT LIST: |
	BotUser{chatId='1379016220', state=IN_SEARCH, companion-id=null}

2024-08-08 11:12:42 DEBUG MessageConsumerServiceImpl:26 - -=-=| Received search-message: /search from 1273592316
2024-08-08 11:12:42 DEBUG SearcherServiceImpl:102 - -=-=-| CREATED DIALOG FOR: 1273592316 & 1379016220
2024-08-08 11:12:42 DEBUG SearcherServiceImpl:156 - | CURRENT LIST: |


2024-08-08 11:13:27 DEBUG MessageConsumerServiceImpl:26 - -=-=| Received search-message: /next from 1273592316
2024-08-08 11:13:27 DEBUG SearcherServiceImpl:84 - -=-=-| User 1273592316 added to inSearch list
2024-08-08 11:13:27 DEBUG SearcherServiceImpl:156 - | CURRENT LIST: |
	BotUser{chatId='1273592316', state=IN_SEARCH, companion-id=null}

2024-08-08 12:24:42 DEBUG MessageConsumerServiceImpl:26 - -=-=| Received search-message: /search from 6406975999
2024-08-08 12:24:42 DEBUG SearcherServiceImpl:102 - -=-=-| CREATED DIALOG FOR: 6406975999 & 1273592316
2024-08-08 12:24:42 DEBUG SearcherServiceImpl:156 - | CURRENT LIST: |


2024-08-08 12:24:50 DEBUG MessageConsumerServiceImpl:26 - -=-=| Received search-message: /next from 1273592316
2024-08-08 12:24:50 DEBUG SearcherServiceImpl:84 - -=-=-| User 1273592316 added to inSearch list
2024-08-08 12:24:50 DEBUG SearcherServiceImpl:156 - | CURRENT LIST: |
	BotUser{chatId='1273592316', state=IN_SEARCH, companion-id=null}

2024-08-08 12:37:09 DEBUG MessageConsumerServiceImpl:26 - -=-=| Received search-message: /search from 6406975999
2024-08-08 12:37:09 DEBUG SearcherServiceImpl:102 - -=-=-| CREATED DIALOG FOR: 6406975999 & 1273592316
2024-08-08 12:37:09 DEBUG SearcherServiceImpl:156 - | CURRENT LIST: |


2024-08-08 12:40:47 DEBUG MessageConsumerServiceImpl:26 - -=-=| Received search-message: /search from 5298169204
2024-08-08 12:40:47 DEBUG SearcherServiceImpl:84 - -=-=-| User 5298169204 added to inSearch list
2024-08-08 12:40:47 DEBUG SearcherServiceImpl:156 - | CURRENT LIST: |
	BotUser{chatId='5298169204', state=IN_SEARCH, companion-id=null}

2024-08-08 12:46:04 DEBUG MessageConsumerServiceImpl:26 - -=-=| Received search-message: /stop from 5298169204
2024-08-08 12:46:04 DEBUG SearcherServiceImpl:126 - 5298169204 removed successfully from searchList: true
2024-08-08 12:46:04 DEBUG SearcherServiceImpl:133 - -=-=-| User 5298169204 stopped search
2024-08-08 12:46:04 DEBUG SearcherServiceImpl:156 - | CURRENT LIST: |


2024-08-08 12:46:07 DEBUG MessageConsumerServiceImpl:26 - -=-=| Received search-message: /search from 5298169204
2024-08-08 12:46:07 DEBUG SearcherServiceImpl:84 - -=-=-| User 5298169204 added to inSearch list
2024-08-08 12:46:07 DEBUG SearcherServiceImpl:156 - | CURRENT LIST: |
	BotUser{chatId='5298169204', state=IN_SEARCH, companion-id=null}

2024-08-08 12:59:40 DEBUG MessageConsumerServiceImpl:26 - -=-=| Received search-message: /next from 6406975999
2024-08-08 12:59:40 DEBUG SearcherServiceImpl:102 - -=-=-| CREATED DIALOG FOR: 6406975999 & 5298169204
2024-08-08 12:59:40 DEBUG SearcherServiceImpl:156 - | CURRENT LIST: |


2024-08-08 12:59:54 DEBUG MessageConsumerServiceImpl:26 - -=-=| Received search-message: /next from 6406975999
2024-08-08 12:59:54 DEBUG SearcherServiceImpl:84 - -=-=-| User 6406975999 added to inSearch list
2024-08-08 12:59:54 DEBUG SearcherServiceImpl:156 - | CURRENT LIST: |
	BotUser{chatId='6406975999', state=IN_SEARCH, companion-id=null}

2024-08-08 13:00:06 DEBUG MessageConsumerServiceImpl:26 - -=-=| Received search-message: /search from 5298169204
2024-08-08 13:00:06 DEBUG SearcherServiceImpl:102 - -=-=-| CREATED DIALOG FOR: 5298169204 & 6406975999
2024-08-08 13:00:06 DEBUG SearcherServiceImpl:156 - | CURRENT LIST: |


2024-08-08 13:00:10 DEBUG MessageConsumerServiceImpl:26 - -=-=| Received search-message: /next from 6406975999
2024-08-08 13:00:10 DEBUG SearcherServiceImpl:84 - -=-=-| User 6406975999 added to inSearch list
2024-08-08 13:00:10 DEBUG SearcherServiceImpl:156 - | CURRENT LIST: |
	BotUser{chatId='6406975999', state=IN_SEARCH, companion-id=null}

2024-08-08 13:00:50 DEBUG MessageConsumerServiceImpl:26 - -=-=| Received search-message: /search from 5298169204
2024-08-08 13:00:50 DEBUG SearcherServiceImpl:102 - -=-=-| CREATED DIALOG FOR: 5298169204 & 6406975999
2024-08-08 13:00:50 DEBUG SearcherServiceImpl:156 - | CURRENT LIST: |


2024-08-08 13:00:58 DEBUG MessageConsumerServiceImpl:26 - -=-=| Received search-message: /next from 6406975999
2024-08-08 13:00:58 DEBUG SearcherServiceImpl:84 - -=-=-| User 6406975999 added to inSearch list
2024-08-08 13:00:58 DEBUG SearcherServiceImpl:156 - | CURRENT LIST: |
	BotUser{chatId='6406975999', state=IN_SEARCH, companion-id=null}

2024-08-08 13:01:02 DEBUG MessageConsumerServiceImpl:26 - -=-=| Received search-message: /search from 5298169204
2024-08-08 13:01:02 DEBUG SearcherServiceImpl:102 - -=-=-| CREATED DIALOG FOR: 5298169204 & 6406975999
2024-08-08 13:01:02 DEBUG SearcherServiceImpl:156 - | CURRENT LIST: |


2024-08-08 13:01:13 DEBUG MessageConsumerServiceImpl:26 - -=-=| Received search-message: /stop from 6406975999
2024-08-08 13:01:13 DEBUG SearcherServiceImpl:120 - -=-=-| User 6406975999 stopped dialog with 5298169204
2024-08-08 13:04:27 DEBUG MessageConsumerServiceImpl:26 - -=-=| Received search-message: /search from 1196376478
2024-08-08 13:04:27 DEBUG SearcherServiceImpl:84 - -=-=-| User 1196376478 added to inSearch list
2024-08-08 13:04:27 DEBUG SearcherServiceImpl:156 - | CURRENT LIST: |
	BotUser{chatId='1196376478', state=IN_SEARCH, companion-id=null}

2024-08-08 13:04:34 DEBUG MessageConsumerServiceImpl:26 - -=-=| Received search-message: /stop from 1196376478
2024-08-08 13:04:34 DEBUG SearcherServiceImpl:126 - 1196376478 removed successfully from searchList: true
2024-08-08 13:04:34 DEBUG SearcherServiceImpl:133 - -=-=-| User 1196376478 stopped search
2024-08-08 13:04:34 DEBUG SearcherServiceImpl:156 - | CURRENT LIST: |


2024-08-08 13:26:14 DEBUG MessageConsumerServiceImpl:26 - -=-=| Received search-message: /search from 1379016220
2024-08-08 13:26:14 DEBUG SearcherServiceImpl:84 - -=-=-| User 1379016220 added to inSearch list
2024-08-08 13:26:14 DEBUG SearcherServiceImpl:156 - | CURRENT LIST: |
	BotUser{chatId='1379016220', state=IN_SEARCH, companion-id=null}

2024-08-08 13:26:56 DEBUG MessageConsumerServiceImpl:26 - -=-=| Received search-message: /search from 384798259
2024-08-08 13:26:56 DEBUG SearcherServiceImpl:102 - -=-=-| CREATED DIALOG FOR: 384798259 & 1379016220
2024-08-08 13:26:56 DEBUG SearcherServiceImpl:156 - | CURRENT LIST: |


2024-08-08 13:27:35 DEBUG MessageConsumerServiceImpl:26 - -=-=| Received search-message: /next from 384798259
2024-08-08 13:27:35 DEBUG SearcherServiceImpl:84 - -=-=-| User 384798259 added to inSearch list
2024-08-08 13:27:35 DEBUG SearcherServiceImpl:156 - | CURRENT LIST: |
	BotUser{chatId='384798259', state=IN_SEARCH, companion-id=null}

2024-08-08 13:28:25 DEBUG MessageConsumerServiceImpl:26 - -=-=| Received search-message: /search from 1379016220
2024-08-08 13:28:25 DEBUG SearcherServiceImpl:102 - -=-=-| CREATED DIALOG FOR: 1379016220 & 384798259
2024-08-08 13:28:25 DEBUG SearcherServiceImpl:156 - | CURRENT LIST: |


2024-08-08 13:29:24 DEBUG MessageConsumerServiceImpl:26 - -=-=| Received search-message: /search from 6406975999
2024-08-08 13:29:24 DEBUG SearcherServiceImpl:84 - -=-=-| User 6406975999 added to inSearch list
2024-08-08 13:29:24 DEBUG SearcherServiceImpl:156 - | CURRENT LIST: |
	BotUser{chatId='6406975999', state=IN_SEARCH, companion-id=null}

2024-08-08 13:49:41 DEBUG MessageConsumerServiceImpl:26 - -=-=| Received search-message: /search from 5298169204
2024-08-08 13:49:41 DEBUG SearcherServiceImpl:102 - -=-=-| CREATED DIALOG FOR: 5298169204 & 6406975999
2024-08-08 13:49:41 DEBUG SearcherServiceImpl:156 - | CURRENT LIST: |


2024-08-08 13:55:40 DEBUG MessageConsumerServiceImpl:26 - -=-=| Received search-message: /next from 5298169204
2024-08-08 13:55:40 DEBUG SearcherServiceImpl:84 - -=-=-| User 5298169204 added to inSearch list
2024-08-08 13:55:40 DEBUG SearcherServiceImpl:156 - | CURRENT LIST: |
	BotUser{chatId='5298169204', state=IN_SEARCH, companion-id=null}

2024-08-08 14:28:04 DEBUG MessageConsumerServiceImpl:26 - -=-=| Received search-message: /search from 1196376478
2024-08-08 14:28:04 DEBUG SearcherServiceImpl:102 - -=-=-| CREATED DIALOG FOR: 1196376478 & 5298169204
2024-08-08 14:28:04 DEBUG SearcherServiceImpl:156 - | CURRENT LIST: |


2024-08-08 14:30:06 DEBUG MessageConsumerServiceImpl:26 - -=-=| Received search-message: /next from 5298169204
2024-08-08 14:30:06 DEBUG SearcherServiceImpl:84 - -=-=-| User 5298169204 added to inSearch list
2024-08-08 14:30:06 DEBUG SearcherServiceImpl:156 - | CURRENT LIST: |
	BotUser{chatId='5298169204', state=IN_SEARCH, companion-id=null}

2024-08-08 14:32:04 DEBUG MessageConsumerServiceImpl:26 - -=-=| Received search-message: /search from 1196376478
2024-08-08 14:32:04 DEBUG SearcherServiceImpl:102 - -=-=-| CREATED DIALOG FOR: 1196376478 & 5298169204
2024-08-08 14:32:04 DEBUG SearcherServiceImpl:156 - | CURRENT LIST: |


2024-08-08 16:03:43 DEBUG MessageConsumerServiceImpl:26 - -=-=| Received search-message: /next from 1196376478
2024-08-08 16:03:43 DEBUG SearcherServiceImpl:84 - -=-=-| User 1196376478 added to inSearch list
2024-08-08 16:03:43 DEBUG SearcherServiceImpl:156 - | CURRENT LIST: |
	BotUser{chatId='1196376478', state=IN_SEARCH, companion-id=null}

2024-08-08 16:03:50 DEBUG MessageConsumerServiceImpl:26 - -=-=| Received search-message: /stop from 1196376478
2024-08-08 16:03:50 DEBUG SearcherServiceImpl:126 - 1196376478 removed successfully from searchList: true
2024-08-08 16:03:50 DEBUG SearcherServiceImpl:133 - -=-=-| User 1196376478 stopped search
2024-08-08 16:03:50 DEBUG SearcherServiceImpl:156 - | CURRENT LIST: |


2024-08-08 16:23:33 DEBUG MessageConsumerServiceImpl:26 - -=-=| Received search-message: /search from 5298169204
2024-08-08 16:23:33 DEBUG SearcherServiceImpl:84 - -=-=-| User 5298169204 added to inSearch list
2024-08-08 16:23:33 DEBUG SearcherServiceImpl:156 - | CURRENT LIST: |
	BotUser{chatId='5298169204', state=IN_SEARCH, companion-id=null}

2024-08-08 16:36:26 DEBUG MessageConsumerServiceImpl:26 - -=-=| Received search-message: /stop from 5298169204
2024-08-08 16:36:26 DEBUG SearcherServiceImpl:126 - 5298169204 removed successfully from searchList: true
2024-08-08 16:36:26 DEBUG SearcherServiceImpl:133 - -=-=-| User 5298169204 stopped search
2024-08-08 16:36:26 DEBUG SearcherServiceImpl:156 - | CURRENT LIST: |


2024-08-08 16:41:06 DEBUG MessageConsumerServiceImpl:26 - -=-=| Received search-message: /search from 1196376478
2024-08-08 16:41:06 DEBUG SearcherServiceImpl:84 - -=-=-| User 1196376478 added to inSearch list
2024-08-08 16:41:06 DEBUG SearcherServiceImpl:156 - | CURRENT LIST: |
	BotUser{chatId='1196376478', state=IN_SEARCH, companion-id=null}

2024-08-08 16:41:39 DEBUG MessageConsumerServiceImpl:26 - -=-=| Received search-message: /search from 6578724094
2024-08-08 16:41:39 DEBUG SearcherServiceImpl:102 - -=-=-| CREATED DIALOG FOR: 6578724094 & 1196376478
2024-08-08 16:41:39 DEBUG SearcherServiceImpl:156 - | CURRENT LIST: |


2024-08-08 16:54:01 DEBUG MessageConsumerServiceImpl:26 - -=-=| Received search-message: /search from 1273592316
2024-08-08 16:54:01 DEBUG SearcherServiceImpl:84 - -=-=-| User 1273592316 added to inSearch list
2024-08-08 16:54:01 DEBUG SearcherServiceImpl:156 - | CURRENT LIST: |
	BotUser{chatId='1273592316', state=IN_SEARCH, companion-id=null}

2024-08-08 17:07:44 DEBUG MessageConsumerServiceImpl:26 - -=-=| Received search-message: /next from 1196376478
2024-08-08 17:07:44 DEBUG SearcherServiceImpl:102 - -=-=-| CREATED DIALOG FOR: 1196376478 & 1273592316
2024-08-08 17:07:44 DEBUG SearcherServiceImpl:156 - | CURRENT LIST: |


2024-08-08 17:08:20 DEBUG MessageConsumerServiceImpl:26 - -=-=| Received search-message: /next from 1273592316
2024-08-08 17:08:20 DEBUG SearcherServiceImpl:84 - -=-=-| User 1273592316 added to inSearch list
2024-08-08 17:08:20 DEBUG SearcherServiceImpl:156 - | CURRENT LIST: |
	BotUser{chatId='1273592316', state=IN_SEARCH, companion-id=null}

2024-08-08 17:51:06 DEBUG MessageConsumerServiceImpl:26 - -=-=| Received search-message: /stop from 1273592316
2024-08-08 17:51:06 DEBUG SearcherServiceImpl:126 - 1273592316 removed successfully from searchList: true
2024-08-08 17:51:06 DEBUG SearcherServiceImpl:133 - -=-=-| User 1273592316 stopped search
2024-08-08 17:51:06 DEBUG SearcherServiceImpl:156 - | CURRENT LIST: |


2024-08-08 17:51:08 DEBUG MessageConsumerServiceImpl:26 - -=-=| Received search-message: /search from 1273592316
2024-08-08 17:51:08 DEBUG SearcherServiceImpl:84 - -=-=-| User 1273592316 added to inSearch list
2024-08-08 17:51:08 DEBUG SearcherServiceImpl:156 - | CURRENT LIST: |
	BotUser{chatId='1273592316', state=IN_SEARCH, companion-id=null}

2024-08-08 19:15:55 DEBUG MessageConsumerServiceImpl:26 - -=-=| Received search-message: /search from 1973162411
2024-08-08 19:15:55 DEBUG SearcherServiceImpl:102 - -=-=-| CREATED DIALOG FOR: 1973162411 & 1273592316
2024-08-08 19:15:55 DEBUG SearcherServiceImpl:156 - | CURRENT LIST: |


2024-08-08 19:16:27 DEBUG MessageConsumerServiceImpl:26 - -=-=| Received search-message: /next from 1273592316
2024-08-08 19:16:27 DEBUG SearcherServiceImpl:84 - -=-=-| User 1273592316 added to inSearch list
2024-08-08 19:16:27 DEBUG SearcherServiceImpl:156 - | CURRENT LIST: |
	BotUser{chatId='1273592316', state=IN_SEARCH, companion-id=null}

2024-08-08 19:16:35 DEBUG MessageConsumerServiceImpl:26 - -=-=| Received search-message: /search from 1973162411
2024-08-08 19:16:35 DEBUG SearcherServiceImpl:102 - -=-=-| CREATED DIALOG FOR: 1973162411 & 1273592316
2024-08-08 19:16:35 DEBUG SearcherServiceImpl:156 - | CURRENT LIST: |


2024-08-08 19:16:52 DEBUG MessageConsumerServiceImpl:26 - -=-=| Received search-message: /stop from 1273592316
2024-08-08 19:16:52 DEBUG SearcherServiceImpl:120 - -=-=-| User 1273592316 stopped dialog with 1973162411
2024-08-08 19:16:55 DEBUG MessageConsumerServiceImpl:26 - -=-=| Received search-message: /search from 1273592316
2024-08-08 19:16:55 DEBUG SearcherServiceImpl:84 - -=-=-| User 1273592316 added to inSearch list
2024-08-08 19:16:55 DEBUG SearcherServiceImpl:156 - | CURRENT LIST: |
	BotUser{chatId='1273592316', state=IN_SEARCH, companion-id=null}

2024-08-08 19:17:04 DEBUG MessageConsumerServiceImpl:26 - -=-=| Received search-message: /search from 1973162411
2024-08-08 19:17:04 DEBUG SearcherServiceImpl:102 - -=-=-| CREATED DIALOG FOR: 1973162411 & 1273592316
2024-08-08 19:17:04 DEBUG SearcherServiceImpl:156 - | CURRENT LIST: |


2024-08-08 19:17:10 DEBUG MessageConsumerServiceImpl:26 - -=-=| Received search-message: /stop from 1273592316
2024-08-08 19:17:10 DEBUG SearcherServiceImpl:120 - -=-=-| User 1273592316 stopped dialog with 1973162411
2024-08-08 19:17:17 DEBUG MessageConsumerServiceImpl:26 - -=-=| Received search-message: /search from 1973162411
2024-08-08 19:17:17 DEBUG SearcherServiceImpl:84 - -=-=-| User 1973162411 added to inSearch list
2024-08-08 19:17:17 DEBUG SearcherServiceImpl:156 - | CURRENT LIST: |
	BotUser{chatId='1973162411', state=IN_SEARCH, companion-id=null}

2024-08-08 19:17:24 DEBUG MessageConsumerServiceImpl:26 - -=-=| Received search-message: /search from 1273592316
2024-08-08 19:17:24 DEBUG SearcherServiceImpl:102 - -=-=-| CREATED DIALOG FOR: 1273592316 & 1973162411
2024-08-08 19:17:24 DEBUG SearcherServiceImpl:156 - | CURRENT LIST: |


2024-08-08 19:17:30 DEBUG MessageConsumerServiceImpl:26 - -=-=| Received search-message: /stop from 1273592316
2024-08-08 19:17:30 DEBUG SearcherServiceImpl:120 - -=-=-| User 1273592316 stopped dialog with 1973162411
2024-08-08 19:47:15 DEBUG MessageConsumerServiceImpl:26 - -=-=| Received search-message: /search from 1196376478
2024-08-08 19:47:15 DEBUG SearcherServiceImpl:84 - -=-=-| User 1196376478 added to inSearch list
2024-08-08 19:47:15 DEBUG SearcherServiceImpl:156 - | CURRENT LIST: |
	BotUser{chatId='1196376478', state=IN_SEARCH, companion-id=null}

2024-08-08 19:47:20 DEBUG MessageConsumerServiceImpl:26 - -=-=| Received search-message: /stop from 1196376478
2024-08-08 19:47:20 DEBUG SearcherServiceImpl:126 - 1196376478 removed successfully from searchList: true
2024-08-08 19:47:20 DEBUG SearcherServiceImpl:133 - -=-=-| User 1196376478 stopped search
2024-08-08 19:47:20 DEBUG SearcherServiceImpl:156 - | CURRENT LIST: |


2024-08-09 00:13:46 DEBUG MessageConsumerServiceImpl:26 - -=-=| Received search-message: /search from 1196376478
2024-08-09 00:13:46 DEBUG SearcherServiceImpl:84 - -=-=-| User 1196376478 added to inSearch list
2024-08-09 00:13:46 DEBUG SearcherServiceImpl:156 - | CURRENT LIST: |
	BotUser{chatId='1196376478', state=IN_SEARCH, companion-id=null}

2024-08-09 00:13:55 DEBUG MessageConsumerServiceImpl:26 - -=-=| Received search-message: /stop from 1196376478
2024-08-09 00:13:55 DEBUG SearcherServiceImpl:126 - 1196376478 removed successfully from searchList: true
2024-08-09 00:13:55 DEBUG SearcherServiceImpl:133 - -=-=-| User 1196376478 stopped search
2024-08-09 00:13:55 DEBUG SearcherServiceImpl:156 - | CURRENT LIST: |


2024-08-09 03:33:47 DEBUG MessageConsumerServiceImpl:26 - -=-=| Received search-message: /search from 6406975999
2024-08-09 03:33:47 DEBUG SearcherServiceImpl:84 - -=-=-| User 6406975999 added to inSearch list
2024-08-09 03:33:47 DEBUG SearcherServiceImpl:156 - | CURRENT LIST: |
	BotUser{chatId='6406975999', state=IN_SEARCH, companion-id=null}

2024-08-09 03:45:41 DEBUG MessageConsumerServiceImpl:26 - -=-=| Received search-message: /stop from 6406975999
2024-08-09 03:45:41 DEBUG SearcherServiceImpl:126 - 6406975999 removed successfully from searchList: true
2024-08-09 03:45:41 DEBUG SearcherServiceImpl:133 - -=-=-| User 6406975999 stopped search
2024-08-09 03:45:41 DEBUG SearcherServiceImpl:156 - | CURRENT LIST: |


2024-08-09 03:45:43 DEBUG MessageConsumerServiceImpl:26 - -=-=| Received search-message: /search from 6406975999
2024-08-09 03:45:43 DEBUG SearcherServiceImpl:84 - -=-=-| User 6406975999 added to inSearch list
2024-08-09 03:45:43 DEBUG SearcherServiceImpl:156 - | CURRENT LIST: |
	BotUser{chatId='6406975999', state=IN_SEARCH, companion-id=null}

2024-08-09 05:43:57 DEBUG MessageConsumerServiceImpl:26 - -=-=| Received search-message: /search from 6580660854
2024-08-09 05:43:57 DEBUG SearcherServiceImpl:102 - -=-=-| CREATED DIALOG FOR: 6580660854 & 6406975999
2024-08-09 05:43:57 DEBUG SearcherServiceImpl:156 - | CURRENT LIST: |


2024-08-09 08:03:58 DEBUG MessageConsumerServiceImpl:26 - -=-=| Received search-message: /next from 6580660854
2024-08-09 08:03:58 DEBUG SearcherServiceImpl:84 - -=-=-| User 6580660854 added to inSearch list
2024-08-09 08:03:58 DEBUG SearcherServiceImpl:156 - | CURRENT LIST: |
	BotUser{chatId='6580660854', state=IN_SEARCH, companion-id=null}

2024-08-09 09:43:44 DEBUG MessageConsumerServiceImpl:26 - -=-=| Received search-message: /search from 5845582316
2024-08-09 09:43:45 DEBUG SearcherServiceImpl:102 - -=-=-| CREATED DIALOG FOR: 5845582316 & 6580660854
2024-08-09 09:43:45 DEBUG SearcherServiceImpl:156 - | CURRENT LIST: |


2024-08-09 09:44:00 DEBUG MessageConsumerServiceImpl:26 - -=-=| Received search-message: /next from 5845582316
2024-08-09 09:44:00 DEBUG SearcherServiceImpl:84 - -=-=-| User 5845582316 added to inSearch list
2024-08-09 09:44:00 DEBUG SearcherServiceImpl:156 - | CURRENT LIST: |
	BotUser{chatId='5845582316', state=IN_SEARCH, companion-id=null}

2024-08-09 09:45:09 DEBUG MessageConsumerServiceImpl:26 - -=-=| Received search-message: /stop from 5845582316
2024-08-09 09:45:09 DEBUG SearcherServiceImpl:126 - 5845582316 removed successfully from searchList: true
2024-08-09 09:45:09 DEBUG SearcherServiceImpl:133 - -=-=-| User 5845582316 stopped search
2024-08-09 09:45:09 DEBUG SearcherServiceImpl:156 - | CURRENT LIST: |


2024-08-09 11:04:36 DEBUG MessageConsumerServiceImpl:26 - -=-=| Received search-message: /search from 6406975999
2024-08-09 11:04:36 DEBUG SearcherServiceImpl:84 - -=-=-| User 6406975999 added to inSearch list
2024-08-09 11:04:36 DEBUG SearcherServiceImpl:156 - | CURRENT LIST: |
	BotUser{chatId='6406975999', state=IN_SEARCH, companion-id=null}

2024-08-09 11:27:58 DEBUG MessageConsumerServiceImpl:26 - -=-=| Received search-message: /search from 1196376478
2024-08-09 11:27:58 DEBUG SearcherServiceImpl:102 - -=-=-| CREATED DIALOG FOR: 1196376478 & 6406975999
2024-08-09 11:27:58 DEBUG SearcherServiceImpl:156 - | CURRENT LIST: |


2024-08-09 11:28:10 DEBUG MessageConsumerServiceImpl:26 - -=-=| Received search-message: /next from 6406975999
2024-08-09 11:28:10 DEBUG SearcherServiceImpl:84 - -=-=-| User 6406975999 added to inSearch list
2024-08-09 11:28:10 DEBUG SearcherServiceImpl:156 - | CURRENT LIST: |
	BotUser{chatId='6406975999', state=IN_SEARCH, companion-id=null}

2024-08-09 11:28:14 DEBUG MessageConsumerServiceImpl:26 - -=-=| Received search-message: /search from 1196376478
2024-08-09 11:28:14 DEBUG SearcherServiceImpl:102 - -=-=-| CREATED DIALOG FOR: 1196376478 & 6406975999
2024-08-09 11:28:14 DEBUG SearcherServiceImpl:156 - | CURRENT LIST: |


2024-08-09 11:28:31 DEBUG MessageConsumerServiceImpl:26 - -=-=| Received search-message: /stop from 6406975999
2024-08-09 11:28:31 DEBUG SearcherServiceImpl:120 - -=-=-| User 6406975999 stopped dialog with 1196376478
2024-08-09 12:18:48 DEBUG MessageConsumerServiceImpl:26 - -=-=| Received search-message: /search from 5298169204
2024-08-09 12:18:48 DEBUG SearcherServiceImpl:84 - -=-=-| User 5298169204 added to inSearch list
2024-08-09 12:18:48 DEBUG SearcherServiceImpl:156 - | CURRENT LIST: |
	BotUser{chatId='5298169204', state=IN_SEARCH, companion-id=null}

2024-08-09 12:40:29 DEBUG MessageConsumerServiceImpl:26 - -=-=| Received search-message: /search from 6406975999
2024-08-09 12:40:29 DEBUG SearcherServiceImpl:102 - -=-=-| CREATED DIALOG FOR: 6406975999 & 5298169204
2024-08-09 12:40:29 DEBUG SearcherServiceImpl:156 - | CURRENT LIST: |


2024-08-09 12:46:22 DEBUG MessageConsumerServiceImpl:26 - -=-=| Received search-message: /next from 5298169204
2024-08-09 12:46:22 DEBUG SearcherServiceImpl:84 - -=-=-| User 5298169204 added to inSearch list
2024-08-09 12:46:22 DEBUG SearcherServiceImpl:156 - | CURRENT LIST: |
	BotUser{chatId='5298169204', state=IN_SEARCH, companion-id=null}

2024-08-09 13:24:57 DEBUG MessageConsumerServiceImpl:26 - -=-=| Received search-message: /search from 1196376478
2024-08-09 13:24:57 DEBUG SearcherServiceImpl:102 - -=-=-| CREATED DIALOG FOR: 1196376478 & 5298169204
2024-08-09 13:24:57 DEBUG SearcherServiceImpl:156 - | CURRENT LIST: |


2024-08-09 13:25:33 DEBUG MessageConsumerServiceImpl:26 - -=-=| Received search-message: /next from 1196376478
2024-08-09 13:25:33 DEBUG SearcherServiceImpl:84 - -=-=-| User 1196376478 added to inSearch list
2024-08-09 13:25:33 DEBUG SearcherServiceImpl:156 - | CURRENT LIST: |
	BotUser{chatId='1196376478', state=IN_SEARCH, companion-id=null}

2024-08-09 13:29:15 DEBUG MessageConsumerServiceImpl:26 - -=-=| Received search-message: /stop from 1196376478
2024-08-09 13:29:15 DEBUG SearcherServiceImpl:126 - 1196376478 removed successfully from searchList: true
2024-08-09 13:29:15 DEBUG SearcherServiceImpl:133 - -=-=-| User 1196376478 stopped search
2024-08-09 13:29:15 DEBUG SearcherServiceImpl:156 - | CURRENT LIST: |


2024-08-09 13:29:18 DEBUG MessageConsumerServiceImpl:26 - -=-=| Received search-message: /search from 1196376478
2024-08-09 13:29:18 DEBUG SearcherServiceImpl:84 - -=-=-| User 1196376478 added to inSearch list
2024-08-09 13:29:18 DEBUG SearcherServiceImpl:156 - | CURRENT LIST: |
	BotUser{chatId='1196376478', state=IN_SEARCH, companion-id=null}

2024-08-09 13:39:03 DEBUG MessageConsumerServiceImpl:26 - -=-=| Received search-message: /search from 1708617509
2024-08-09 13:39:03 DEBUG SearcherServiceImpl:102 - -=-=-| CREATED DIALOG FOR: 1708617509 & 1196376478
2024-08-09 13:39:03 DEBUG SearcherServiceImpl:156 - | CURRENT LIST: |


2024-08-09 13:39:45 DEBUG MessageConsumerServiceImpl:26 - -=-=| Received search-message: /next from 1708617509
2024-08-09 13:39:45 DEBUG SearcherServiceImpl:84 - -=-=-| User 1708617509 added to inSearch list
2024-08-09 13:39:45 DEBUG SearcherServiceImpl:156 - | CURRENT LIST: |
	BotUser{chatId='1708617509', state=IN_SEARCH, companion-id=null}

2024-08-09 13:39:50 DEBUG MessageConsumerServiceImpl:26 - -=-=| Received search-message: /search from 1196376478
2024-08-09 13:39:50 DEBUG SearcherServiceImpl:102 - -=-=-| CREATED DIALOG FOR: 1196376478 & 1708617509
2024-08-09 13:39:50 DEBUG SearcherServiceImpl:156 - | CURRENT LIST: |


2024-08-09 14:52:20 DEBUG MessageConsumerServiceImpl:26 - -=-=| Received search-message: /next from 1708617509
2024-08-09 14:52:20 DEBUG SearcherServiceImpl:84 - -=-=-| User 1708617509 added to inSearch list
2024-08-09 14:52:20 DEBUG SearcherServiceImpl:156 - | CURRENT LIST: |
	BotUser{chatId='1708617509', state=IN_SEARCH, companion-id=null}

2024-08-09 16:50:59 DEBUG MessageConsumerServiceImpl:26 - -=-=| Received search-message: /search from 5298169204
2024-08-09 16:50:59 DEBUG SearcherServiceImpl:102 - -=-=-| CREATED DIALOG FOR: 5298169204 & 1708617509
2024-08-09 16:50:59 DEBUG SearcherServiceImpl:156 - | CURRENT LIST: |


2024-08-09 18:21:58 DEBUG MessageConsumerServiceImpl:26 - -=-=| Received search-message: /next from 5298169204
2024-08-09 18:21:58 DEBUG SearcherServiceImpl:84 - -=-=-| User 5298169204 added to inSearch list
2024-08-09 18:21:58 DEBUG SearcherServiceImpl:156 - | CURRENT LIST: |
	BotUser{chatId='5298169204', state=IN_SEARCH, companion-id=null}

2024-08-09 19:56:45 DEBUG MessageConsumerServiceImpl:26 - -=-=| Received search-message: /stop from 1379016220
2024-08-09 19:56:45 DEBUG SearcherServiceImpl:120 - -=-=-| User 1379016220 stopped dialog with 384798259
2024-08-09 19:56:49 DEBUG MessageConsumerServiceImpl:26 - -=-=| Received search-message: /search from 1379016220
2024-08-09 19:56:49 DEBUG SearcherServiceImpl:102 - -=-=-| CREATED DIALOG FOR: 1379016220 & 5298169204
2024-08-09 19:56:49 DEBUG SearcherServiceImpl:156 - | CURRENT LIST: |


2024-08-09 19:57:26 DEBUG MessageConsumerServiceImpl:26 - -=-=| Received search-message: /next from 1379016220
2024-08-09 19:57:26 DEBUG SearcherServiceImpl:84 - -=-=-| User 1379016220 added to inSearch list
2024-08-09 19:57:26 DEBUG SearcherServiceImpl:156 - | CURRENT LIST: |
	BotUser{chatId='1379016220', state=IN_SEARCH, companion-id=null}

2024-08-09 20:31:32 DEBUG MessageConsumerServiceImpl:26 - -=-=| Received search-message: /search from 1196376478
2024-08-09 20:31:32 DEBUG SearcherServiceImpl:102 - -=-=-| CREATED DIALOG FOR: 1196376478 & 1379016220
2024-08-09 20:31:32 DEBUG SearcherServiceImpl:156 - | CURRENT LIST: |


2024-08-09 20:34:37 DEBUG MessageConsumerServiceImpl:26 - -=-=| Received search-message: /next from 1196376478
2024-08-09 20:34:37 DEBUG SearcherServiceImpl:84 - -=-=-| User 1196376478 added to inSearch list
2024-08-09 20:34:37 DEBUG SearcherServiceImpl:156 - | CURRENT LIST: |
	BotUser{chatId='1196376478', state=IN_SEARCH, companion-id=null}

2024-08-09 20:34:44 DEBUG MessageConsumerServiceImpl:26 - -=-=| Received search-message: /stop from 1196376478
2024-08-09 20:34:44 DEBUG SearcherServiceImpl:126 - 1196376478 removed successfully from searchList: true
2024-08-09 20:34:44 DEBUG SearcherServiceImpl:133 - -=-=-| User 1196376478 stopped search
2024-08-09 20:34:44 DEBUG SearcherServiceImpl:156 - | CURRENT LIST: |


2024-08-09 23:23:15 DEBUG MessageConsumerServiceImpl:26 - -=-=| Received search-message: /search from 1196376478
2024-08-09 23:23:15 DEBUG SearcherServiceImpl:84 - -=-=-| User 1196376478 added to inSearch list
2024-08-09 23:23:15 DEBUG SearcherServiceImpl:156 - | CURRENT LIST: |
	BotUser{chatId='1196376478', state=IN_SEARCH, companion-id=null}

2024-08-09 23:23:30 DEBUG MessageConsumerServiceImpl:26 - -=-=| Received search-message: /stop from 1196376478
2024-08-09 23:23:30 DEBUG SearcherServiceImpl:126 - 1196376478 removed successfully from searchList: true
2024-08-09 23:23:30 DEBUG SearcherServiceImpl:133 - -=-=-| User 1196376478 stopped search
2024-08-09 23:23:30 DEBUG SearcherServiceImpl:156 - | CURRENT LIST: |


2024-08-09 23:26:16 DEBUG MessageConsumerServiceImpl:26 - -=-=| Received search-message: /search from 1196376478
2024-08-09 23:26:16 DEBUG SearcherServiceImpl:84 - -=-=-| User 1196376478 added to inSearch list
2024-08-09 23:26:16 DEBUG SearcherServiceImpl:156 - | CURRENT LIST: |
	BotUser{chatId='1196376478', state=IN_SEARCH, companion-id=null}

2024-08-09 23:27:45 DEBUG MessageConsumerServiceImpl:26 - -=-=| Received search-message: /search from 5371543065
2024-08-09 23:27:45 DEBUG SearcherServiceImpl:102 - -=-=-| CREATED DIALOG FOR: 5371543065 & 1196376478
2024-08-09 23:27:45 DEBUG SearcherServiceImpl:156 - | CURRENT LIST: |


2024-08-10 01:15:50 DEBUG MessageConsumerServiceImpl:26 - -=-=| Received search-message: /search from 7384655809
2024-08-10 01:15:50 DEBUG SearcherServiceImpl:84 - -=-=-| User 7384655809 added to inSearch list
2024-08-10 01:15:50 DEBUG SearcherServiceImpl:156 - | CURRENT LIST: |
	BotUser{chatId='7384655809', state=IN_SEARCH, companion-id=null}

2024-08-10 01:19:36 DEBUG MessageConsumerServiceImpl:26 - -=-=| Received search-message: /stop from 7384655809
2024-08-10 01:19:36 DEBUG SearcherServiceImpl:126 - 7384655809 removed successfully from searchList: true
2024-08-10 01:19:36 DEBUG SearcherServiceImpl:133 - -=-=-| User 7384655809 stopped search
2024-08-10 01:19:36 DEBUG SearcherServiceImpl:156 - | CURRENT LIST: |


2024-08-10 08:52:59 DEBUG MessageConsumerServiceImpl:26 - -=-=| Received search-message: /search from 5298169204
2024-08-10 08:52:59 DEBUG SearcherServiceImpl:84 - -=-=-| User 5298169204 added to inSearch list
2024-08-10 08:52:59 DEBUG SearcherServiceImpl:156 - | CURRENT LIST: |
	BotUser{chatId='5298169204', state=IN_SEARCH, companion-id=null}

2024-08-10 12:49:04 DEBUG MessageConsumerServiceImpl:26 - -=-=| Received search-message: /stop from 1196376478
2024-08-10 12:49:04 DEBUG SearcherServiceImpl:120 - -=-=-| User 1196376478 stopped dialog with 5371543065
2024-08-10 13:56:20 DEBUG MessageConsumerServiceImpl:26 - -=-=| Received search-message: /search from 1196376478
2024-08-10 13:56:20 DEBUG SearcherServiceImpl:84 - -=-=-| User 1196376478 added to inSearch list
2024-08-10 13:56:20 DEBUG SearcherServiceImpl:156 - | CURRENT LIST: |
	BotUser{chatId='1196376478', state=IN_SEARCH, companion-id=null}

2024-08-10 14:16:31 DEBUG SearcherServiceImpl:40 - Imported saved users IN_SEARCH from DB to restart search because of service restart:

2024-08-10 14:18:26 DEBUG SearcherServiceImpl:40 - Imported saved users IN_SEARCH from DB to restart search because of service restart:

2024-08-10 14:20:01 DEBUG SearcherServiceImpl:100 - -=-=-| User 5298169204 added to inSearch list
2024-08-10 14:20:01 DEBUG SearcherServiceImpl:172 - | CURRENT LIST: |
	BotUser{chatId='5298169204', state=IN_SEARCH, companion-id=null}

2024-08-10 14:20:01 DEBUG SearcherServiceImpl:118 - -=-=-| CREATED DIALOG FOR: 1196376478 & 5298169204
2024-08-10 14:20:01 DEBUG SearcherServiceImpl:172 - | CURRENT LIST: |


2024-08-10 14:20:01 DEBUG SearcherServiceImpl:40 - Imported saved users IN_SEARCH from DB to restart search because of service restart:
	BotUser{chatId='5298169204', state=IN_SEARCH, companion-id=null}
	BotUser{chatId='1196376478', state=IN_SEARCH, companion-id=null}

2024-08-10 14:21:46 DEBUG SearcherServiceImpl:40 - Imported saved users IN_SEARCH from DB and restarted search for them because of service restart:

2024-08-10 14:22:35 DEBUG MessageConsumerServiceImpl:26 - -=-=| Received search-message: /stop from 1196376478
2024-08-10 14:22:35 DEBUG SearcherServiceImpl:136 - -=-=-| User 1196376478 stopped dialog with 5298169204
