2024-12-06 17:12:39 ERROR AnonimkaBot:48 - -=-=-=-=-=-| ERROR while trying to create menu with commands: Error executing org.telegram.telegrambots.meta.api.methods.commands.SetMyCommands query: [404] Not Found
2024-12-06 17:12:39 DEBUG AnonimkaBot:36 - -=-=-=| Bot bean created
2024-12-06 17:12:49 ERROR AnonimkaBot:48 - -=-=-=-=-=-| ERROR while trying to create menu with commands: Error executing org.telegram.telegrambots.meta.api.methods.commands.SetMyCommands query: [404] Not Found
2024-12-06 17:12:49 DEBUG AnonimkaBot:36 - -=-=-=| Bot bean created
2024-12-06 17:12:56 ERROR AnonimkaBot:48 - -=-=-=-=-=-| ERROR while trying to create menu with commands: Error executing org.telegram.telegrambots.meta.api.methods.commands.SetMyCommands query: [404] Not Found
2024-12-06 17:12:56 DEBUG AnonimkaBot:36 - -=-=-=| Bot bean created
2024-12-06 17:13:03 ERROR AnonimkaBot:48 - -=-=-=-=-=-| ERROR while trying to create menu with commands: Error executing org.telegram.telegrambots.meta.api.methods.commands.SetMyCommands query: [404] Not Found
2024-12-06 17:13:03 DEBUG AnonimkaBot:36 - -=-=-=| Bot bean created
2024-12-06 17:13:10 ERROR AnonimkaBot:48 - -=-=-=-=-=-| ERROR while trying to create menu with commands: Error executing org.telegram.telegrambots.meta.api.methods.commands.SetMyCommands query: [404] Not Found
2024-12-06 17:13:10 DEBUG AnonimkaBot:36 - -=-=-=| Bot bean created
2024-12-06 17:13:18 ERROR AnonimkaBot:48 - -=-=-=-=-=-| ERROR while trying to create menu with commands: Error executing org.telegram.telegrambots.meta.api.methods.commands.SetMyCommands query: [404] Not Found
2024-12-06 17:13:18 DEBUG AnonimkaBot:36 - -=-=-=| Bot bean created
2024-12-06 17:13:27 ERROR AnonimkaBot:48 - -=-=-=-=-=-| ERROR while trying to create menu with commands: Error executing org.telegram.telegrambots.meta.api.methods.commands.SetMyCommands query: [404] Not Found
2024-12-06 17:13:27 DEBUG AnonimkaBot:36 - -=-=-=| Bot bean created
2024-12-06 17:13:38 ERROR AnonimkaBot:48 - -=-=-=-=-=-| ERROR while trying to create menu with commands: Error executing org.telegram.telegrambots.meta.api.methods.commands.SetMyCommands query: [404] Not Found
2024-12-06 17:13:38 DEBUG AnonimkaBot:36 - -=-=-=| Bot bean created
2024-12-06 17:13:56 ERROR AnonimkaBot:48 - -=-=-=-=-=-| ERROR while trying to create menu with commands: Error executing org.telegram.telegrambots.meta.api.methods.commands.SetMyCommands query: [404] Not Found
2024-12-06 17:13:56 DEBUG AnonimkaBot:36 - -=-=-=| Bot bean created
2024-12-06 17:14:27 ERROR AnonimkaBot:48 - -=-=-=-=-=-| ERROR while trying to create menu with commands: Error executing org.telegram.telegrambots.meta.api.methods.commands.SetMyCommands query: [404] Not Found
2024-12-06 17:14:27 DEBUG AnonimkaBot:36 - -=-=-=| Bot bean created
2024-12-06 17:15:23 ERROR AnonimkaBot:48 - -=-=-=-=-=-| ERROR while trying to create menu with commands: Error executing org.telegram.telegrambots.meta.api.methods.commands.SetMyCommands query: [404] Not Found
2024-12-06 17:15:23 DEBUG AnonimkaBot:36 - -=-=-=| Bot bean created
2024-12-06 17:16:28 ERROR AnonimkaBot:48 - -=-=-=-=-=-| ERROR while trying to create menu with commands: Error executing org.telegram.telegrambots.meta.api.methods.commands.SetMyCommands query: [404] Not Found
2024-12-06 17:16:28 DEBUG AnonimkaBot:36 - -=-=-=| Bot bean created
2024-12-06 17:17:33 ERROR AnonimkaBot:48 - -=-=-=-=-=-| ERROR while trying to create menu with commands: Error executing org.telegram.telegrambots.meta.api.methods.commands.SetMyCommands query: [404] Not Found
2024-12-06 17:17:33 DEBUG AnonimkaBot:36 - -=-=-=| Bot bean created
2024-12-06 17:18:38 ERROR AnonimkaBot:48 - -=-=-=-=-=-| ERROR while trying to create menu with commands: Error executing org.telegram.telegrambots.meta.api.methods.commands.SetMyCommands query: [404] Not Found
2024-12-06 17:18:38 DEBUG AnonimkaBot:36 - -=-=-=| Bot bean created
2024-12-07 03:34:42 ERROR AnonimkaBot:48 - -=-=-=-=-=-| ERROR while trying to create menu with commands: Error executing org.telegram.telegrambots.meta.api.methods.commands.SetMyCommands query: [404] Not Found
2024-12-07 03:34:42 DEBUG AnonimkaBot:36 - -=-=-=| Bot bean created
2024-12-07 03:34:51 ERROR AnonimkaBot:48 - -=-=-=-=-=-| ERROR while trying to create menu with commands: Error executing org.telegram.telegrambots.meta.api.methods.commands.SetMyCommands query: [404] Not Found
2024-12-07 03:34:51 DEBUG AnonimkaBot:36 - -=-=-=| Bot bean created
2024-12-07 03:34:59 ERROR AnonimkaBot:48 - -=-=-=-=-=-| ERROR while trying to create menu with commands: Error executing org.telegram.telegrambots.meta.api.methods.commands.SetMyCommands query: [404] Not Found
2024-12-07 03:34:59 DEBUG AnonimkaBot:36 - -=-=-=| Bot bean created
2024-12-07 03:58:51 DEBUG AnonimkaBot:36 - -=-=-=| Bot bean created
2024-12-07 03:58:51 DEBUG BotConfiguration:28 - -=-=-=| TelegramBotsApi bean created
2024-12-07 04:04:43 DEBUG AnonimkaBot:36 - -=-=-=| Bot bean created
2024-12-07 04:04:43 DEBUG BotConfiguration:28 - -=-=-=| TelegramBotsApi bean created
2024-12-07 04:23:44 DEBUG AnonimkaBot:36 - -=-=-=| Bot bean created
2024-12-07 04:23:45 DEBUG BotConfiguration:28 - -=-=-=| TelegramBotsApi bean created
2024-12-07 04:31:37 DEBUG AnonimkaBot:36 - -=-=-=| Bot bean created
2024-12-07 04:31:37 DEBUG BotConfiguration:28 - -=-=-=| TelegramBotsApi bean created
2024-12-07 04:33:47 DEBUG AnonimkaBot:36 - -=-=-=| Bot bean created
2024-12-07 04:33:47 DEBUG BotConfiguration:28 - -=-=-=| TelegramBotsApi bean created
2024-12-07 04:36:07 DEBUG AnonimkaBot:36 - -=-=-=| Bot bean created
2024-12-07 04:36:07 DEBUG BotConfiguration:28 - -=-=-=| TelegramBotsApi bean created
2024-12-07 04:37:33 DEBUG DataProcessorServiceImpl:87 - Received MESSAGE: 
	/start |-|-| BY User(id=1196376478, firstName=🤟, isBot=false, lastName=null, userName=vlad0O_O0, languageCode=ru, canJoinGroups=null, canReadAllGroupMessages=null, supportInlineQueries=null, isPremium=null, addedToAttachmentMenu=null)
2024-12-07 04:37:34 DEBUG AnswerConsumerServiceImpl:24 - -=-=-| Received answer-message for 1196376478
2024-12-07 04:37:38 DEBUG DataProcessorServiceImpl:87 - Received MESSAGE: 
	/help |-|-| BY User(id=1196376478, firstName=🤟, isBot=false, lastName=null, userName=vlad0O_O0, languageCode=ru, canJoinGroups=null, canReadAllGroupMessages=null, supportInlineQueries=null, isPremium=null, addedToAttachmentMenu=null)
2024-12-07 04:37:38 DEBUG AnswerConsumerServiceImpl:24 - -=-=-| Received answer-message for 1196376478
2024-12-07 04:37:41 DEBUG DataProcessorServiceImpl:87 - Received MESSAGE: 
	/search |-|-| BY User(id=1196376478, firstName=🤟, isBot=false, lastName=null, userName=vlad0O_O0, languageCode=ru, canJoinGroups=null, canReadAllGroupMessages=null, supportInlineQueries=null, isPremium=null, addedToAttachmentMenu=null)
2024-12-07 04:37:41 DEBUG AnswerConsumerServiceImpl:24 - -=-=-| Received answer-message for 1196376478
2024-12-07 04:37:52 DEBUG DataProcessorServiceImpl:87 - Received MESSAGE: 
	/search |-|-| BY User(id=848986035, firstName=марлей, isBot=false, lastName=null, userName=kaban100, languageCode=ru, canJoinGroups=null, canReadAllGroupMessages=null, supportInlineQueries=null, isPremium=null, addedToAttachmentMenu=null)
2024-12-07 04:37:52 DEBUG AnswerConsumerServiceImpl:24 - -=-=-| Received answer-message for 848986035
2024-12-07 04:37:53 DEBUG AnswerConsumerServiceImpl:24 - -=-=-| Received answer-message for 848986035
2024-12-07 04:37:53 DEBUG AnswerConsumerServiceImpl:24 - -=-=-| Received answer-message for 1196376478
2024-12-07 04:38:02 DEBUG DataProcessorServiceImpl:87 - Received MESSAGE: 
	Вот бы хуй мне в попку |-|-| BY User(id=848986035, firstName=марлей, isBot=false, lastName=null, userName=kaban100, languageCode=ru, canJoinGroups=null, canReadAllGroupMessages=null, supportInlineQueries=null, isPremium=null, addedToAttachmentMenu=null)
2024-12-07 04:38:02 DEBUG AnswerConsumerServiceImpl:24 - -=-=-| Received answer-message for 1196376478
2024-12-07 04:38:02 DEBUG AnswerConsumerServiceImpl:31 - -=-=-| Received answer-file-message for 848986035
2024-12-07 04:38:06 DEBUG DataProcessorServiceImpl:87 - Received MESSAGE: 
	/next |-|-| BY User(id=1196376478, firstName=🤟, isBot=false, lastName=null, userName=vlad0O_O0, languageCode=ru, canJoinGroups=null, canReadAllGroupMessages=null, supportInlineQueries=null, isPremium=null, addedToAttachmentMenu=null)
2024-12-07 04:38:10 DEBUG AnswerConsumerServiceImpl:24 - -=-=-| Received answer-message for 848986035
2024-12-07 04:38:11 DEBUG AnswerConsumerServiceImpl:24 - -=-=-| Received answer-message for 1196376478
2024-12-07 04:38:11 DEBUG AnswerConsumerServiceImpl:24 - -=-=-| Received answer-message for 1196376478
2024-12-07 04:38:35 DEBUG DataProcessorServiceImpl:87 - Received MESSAGE: 
	/search |-|-| BY User(id=848986035, firstName=марлей, isBot=false, lastName=null, userName=kaban100, languageCode=ru, canJoinGroups=null, canReadAllGroupMessages=null, supportInlineQueries=null, isPremium=null, addedToAttachmentMenu=null)
2024-12-07 04:38:35 DEBUG AnswerConsumerServiceImpl:24 - -=-=-| Received answer-message for 848986035
2024-12-07 04:38:35 DEBUG AnswerConsumerServiceImpl:24 - -=-=-| Received answer-message for 848986035
2024-12-07 04:38:35 DEBUG AnswerConsumerServiceImpl:24 - -=-=-| Received answer-message for 1196376478
2024-12-07 04:38:43 DEBUG AnswerConsumerServiceImpl:31 - -=-=-| Received answer-file-message for 1196376478
2024-12-07 04:38:51 DEBUG DataProcessorServiceImpl:87 - Received MESSAGE: 
	Cggsvs |-|-| BY User(id=1196376478, firstName=🤟, isBot=false, lastName=null, userName=vlad0O_O0, languageCode=ru, canJoinGroups=null, canReadAllGroupMessages=null, supportInlineQueries=null, isPremium=null, addedToAttachmentMenu=null)
2024-12-07 04:38:51 DEBUG AnswerConsumerServiceImpl:24 - -=-=-| Received answer-message for 848986035
2024-12-07 04:39:08 DEBUG AnswerConsumerServiceImpl:31 - -=-=-| Received answer-file-message for 1196376478
2024-12-07 04:39:10 DEBUG DataProcessorServiceImpl:87 - Received MESSAGE: 
	/search |-|-| BY User(id=848986035, firstName=марлей, isBot=false, lastName=null, userName=kaban100, languageCode=ru, canJoinGroups=null, canReadAllGroupMessages=null, supportInlineQueries=null, isPremium=null, addedToAttachmentMenu=null)
2024-12-07 04:39:12 DEBUG AnswerConsumerServiceImpl:24 - -=-=-| Received answer-message for 848986035
2024-12-07 04:39:27 DEBUG AnswerConsumerServiceImpl:31 - -=-=-| Received answer-file-message for 1196376478
2024-12-07 04:39:29 DEBUG DataProcessorServiceImpl:87 - Received MESSAGE: 
	/next |-|-| BY User(id=848986035, firstName=марлей, isBot=false, lastName=null, userName=kaban100, languageCode=ru, canJoinGroups=null, canReadAllGroupMessages=null, supportInlineQueries=null, isPremium=null, addedToAttachmentMenu=null)
2024-12-07 04:39:30 DEBUG AnswerConsumerServiceImpl:24 - -=-=-| Received answer-message for 848986035
2024-12-07 04:39:30 DEBUG AnswerConsumerServiceImpl:24 - -=-=-| Received answer-message for 848986035
2024-12-07 04:39:31 DEBUG AnswerConsumerServiceImpl:24 - -=-=-| Received answer-message for 1196376478
2024-12-07 11:38:33 DEBUG AnonimkaBot:36 - -=-=-=| Bot bean created
2024-12-07 11:38:33 DEBUG BotConfiguration:28 - -=-=-=| TelegramBotsApi bean created
2024-12-07 11:40:55 DEBUG AnonimkaBot:36 - -=-=-=| Bot bean created
2024-12-07 11:40:55 DEBUG BotConfiguration:28 - -=-=-=| TelegramBotsApi bean created
2024-12-07 11:45:28 DEBUG AnonimkaBot:36 - -=-=-=| Bot bean created
2024-12-07 11:45:29 DEBUG BotConfiguration:28 - -=-=-=| TelegramBotsApi bean created
2024-12-07 11:47:59 DEBUG AnonimkaBot:36 - -=-=-=| Bot bean created
2024-12-07 11:47:59 DEBUG BotConfiguration:28 - -=-=-=| TelegramBotsApi bean created
2024-12-07 11:50:38 DEBUG AnonimkaBot:36 - -=-=-=| Bot bean created
2024-12-07 11:50:39 DEBUG BotConfiguration:28 - -=-=-=| TelegramBotsApi bean created
2024-12-07 11:54:30 DEBUG AnonimkaBot:36 - -=-=-=| Bot bean created
2024-12-07 11:54:30 DEBUG BotConfiguration:28 - -=-=-=| TelegramBotsApi bean created
2024-12-07 11:56:57 DEBUG AnonimkaBot:36 - -=-=-=| Bot bean created
2024-12-07 11:56:58 DEBUG BotConfiguration:28 - -=-=-=| TelegramBotsApi bean created
2024-12-07 11:59:59 DEBUG AnonimkaBot:36 - -=-=-=| Bot bean created
2024-12-07 11:59:59 DEBUG BotConfiguration:28 - -=-=-=| TelegramBotsApi bean created
2024-12-07 12:07:14 DEBUG AnonimkaBot:36 - -=-=-=| Bot bean created
2024-12-07 12:07:15 DEBUG BotConfiguration:28 - -=-=-=| TelegramBotsApi bean created
2024-12-07 12:10:36 DEBUG AnonimkaBot:36 - -=-=-=| Bot bean created
2024-12-07 12:10:37 DEBUG BotConfiguration:28 - -=-=-=| TelegramBotsApi bean created
2024-12-07 12:29:00 DEBUG AnonimkaBot:36 - -=-=-=| Bot bean created
2024-12-07 12:29:00 DEBUG BotConfiguration:28 - -=-=-=| TelegramBotsApi bean created
2024-12-07 12:31:28 DEBUG AnonimkaBot:36 - -=-=-=| Bot bean created
2024-12-07 12:31:28 DEBUG BotConfiguration:28 - -=-=-=| TelegramBotsApi bean created
2024-12-07 12:40:21 DEBUG AnonimkaBot:36 - -=-=-=| Bot bean created
2024-12-07 12:40:22 DEBUG BotConfiguration:28 - -=-=-=| TelegramBotsApi bean created
2024-12-07 12:45:50 DEBUG AnonimkaBot:36 - -=-=-=| Bot bean created
2024-12-07 12:45:50 DEBUG BotConfiguration:28 - -=-=-=| TelegramBotsApi bean created
2024-12-07 12:58:55 DEBUG AnonimkaBot:36 - -=-=-=| Bot bean created
2024-12-07 12:58:56 DEBUG BotConfiguration:28 - -=-=-=| TelegramBotsApi bean created
2024-12-07 13:23:39 DEBUG AnonimkaBot:36 - -=-=-=| Bot bean created
2024-12-07 13:23:39 DEBUG BotConfiguration:28 - -=-=-=| TelegramBotsApi bean created
2024-12-07 13:27:19 DEBUG AnonimkaBot:36 - -=-=-=| Bot bean created
2024-12-07 13:27:20 DEBUG BotConfiguration:28 - -=-=-=| TelegramBotsApi bean created
2024-12-07 13:49:31 DEBUG AnonimkaBot:36 - -=-=-=| Bot bean created
2024-12-07 13:49:31 DEBUG BotConfiguration:28 - -=-=-=| TelegramBotsApi bean created
2024-12-07 13:50:02 DEBUG DataProcessorServiceImpl:87 - Received MESSAGE: 
	/start |-|-| BY User(id=1196376478, firstName=🤟, isBot=false, lastName=null, userName=vlad0O_O0, languageCode=ru, canJoinGroups=null, canReadAllGroupMessages=null, supportInlineQueries=null, isPremium=null, addedToAttachmentMenu=null)
2024-12-07 13:50:06 DEBUG DataProcessorServiceImpl:87 - Received MESSAGE: 
	/start |-|-| BY User(id=1196376478, firstName=🤟, isBot=false, lastName=null, userName=vlad0O_O0, languageCode=ru, canJoinGroups=null, canReadAllGroupMessages=null, supportInlineQueries=null, isPremium=null, addedToAttachmentMenu=null)
