2024-12-07 04:37:34 DEBUG MessageConsumerServiceImpl:32 - -=-=-| Received command-message: /start from 1196376478
2024-12-07 04:37:38 DEBUG MessageConsumerServiceImpl:32 - -=-=-| Received command-message: /help from 1196376478
2024-12-07 04:37:41 DEBUG MessageConsumerServiceImpl:32 - -=-=-| Received command-message: /search from 1196376478
2024-12-07 04:37:52 DEBUG MessageConsumerServiceImpl:32 - -=-=-| Received command-message: /search from 848986035
2024-12-07 04:38:02 DEBUG MessageConsumerServiceImpl:26 - -=-=-| Received text-message
2024-12-07 04:38:02 DEBUG MessageConsumerServiceImpl:40 - -=-=-| Received file-message
2024-12-07 04:38:06 DEBUG MessageConsumerServiceImpl:32 - -=-=-| Received command-message: /next from 1196376478
2024-12-07 04:38:35 DEBUG MessageConsumerServiceImpl:32 - -=-=-| Received command-message: /search from 848986035
2024-12-07 04:38:43 DEBUG MessageConsumerServiceImpl:40 - -=-=-| Received file-message
2024-12-07 04:38:51 DEBUG MessageConsumerServiceImpl:26 - -=-=-| Received text-message
2024-12-07 04:39:08 DEBUG MessageConsumerServiceImpl:40 - -=-=-| Received file-message
2024-12-07 04:39:10 DEBUG MessageConsumerServiceImpl:32 - -=-=-| Received command-message: /search from 848986035
2024-12-07 04:39:27 DEBUG MessageConsumerServiceImpl:40 - -=-=-| Received file-message
2024-12-07 04:39:29 DEBUG MessageConsumerServiceImpl:32 - -=-=-| Received command-message: /next from 848986035
2024-12-08 12:23:44 DEBUG MessageConsumerServiceImpl:32 - -=-=-| Received command-message: /start from 1196376478
2024-12-08 12:23:46 DEBUG MessageConsumerServiceImpl:32 - -=-=-| Received command-message: /help from 1196376478
2024-12-08 12:23:53 DEBUG MessageConsumerServiceImpl:32 - -=-=-| Received command-message: /search from 1196376478
2024-12-08 12:23:55 DEBUG MessageConsumerServiceImpl:32 - -=-=-| Received command-message: /stop from 1196376478
2024-12-08 12:27:11 DEBUG MessageConsumerServiceImpl:32 - -=-=-| Received command-message: /search from 1196376478
2024-12-08 12:27:14 DEBUG MessageConsumerServiceImpl:32 - -=-=-| Received command-message: /stop from 1196376478
2024-12-08 13:23:04 DEBUG MessageConsumerServiceImpl:32 - -=-=-| Received command-message: /start from 1196376478
2024-12-08 13:23:05 DEBUG MessageConsumerServiceImpl:32 - -=-=-| Received command-message: /help from 1196376478
2024-12-08 13:23:08 DEBUG MessageConsumerServiceImpl:32 - -=-=-| Received command-message: /search from 1196376478
2024-12-08 13:23:13 DEBUG MessageConsumerServiceImpl:32 - -=-=-| Received command-message: /stop from 1196376478
2024-12-21 18:53:53 DEBUG MessageConsumerServiceImpl:32 - -=-=-| Received command-message: /start from 1196376478
2024-12-21 18:53:57 DEBUG MessageConsumerServiceImpl:32 - -=-=-| Received command-message: /help from 1196376478
2024-12-21 18:53:59 DEBUG MessageConsumerServiceImpl:32 - -=-=-| Received command-message: /search from 1196376478
2024-12-21 18:54:03 DEBUG MessageConsumerServiceImpl:32 - -=-=-| Received command-message: /stop from 1196376478
2024-12-28 07:22:29 DEBUG MessageConsumerServiceImpl:32 - -=-=-| Received command-message: /start from 1196376478
2024-12-28 07:22:33 DEBUG MessageConsumerServiceImpl:32 - -=-=-| Received command-message: /help from 1196376478
2024-12-28 07:22:36 DEBUG MessageConsumerServiceImpl:32 - -=-=-| Received command-message: /search from 1196376478
2024-12-28 07:22:38 DEBUG MessageConsumerServiceImpl:32 - -=-=-| Received command-message: /stop from 1196376478
2024-12-28 07:22:46 DEBUG MessageConsumerServiceImpl:26 - -=-=-| Received text-message
2024-12-28 09:51:38 DEBUG MessageConsumerServiceImpl:32 - -=-=-| Received command-message: /help from 1196376478
2024-12-28 09:51:40 DEBUG MessageConsumerServiceImpl:32 - -=-=-| Received command-message: /start from 1196376478
2024-12-28 09:51:44 DEBUG MessageConsumerServiceImpl:32 - -=-=-| Received command-message: /search from 1196376478
2024-12-28 09:51:48 DEBUG MessageConsumerServiceImpl:32 - -=-=-| Received command-message: /stop from 1196376478
2024-12-28 10:13:40 DEBUG MessageConsumerServiceImpl:32 - -=-=-| Received command-message: /start from 1196376478
2024-12-28 10:22:13 DEBUG MessageConsumerServiceImpl:32 - -=-=-| Received command-message: /start from 1196376478
2024-12-28 10:22:15 DEBUG MessageConsumerServiceImpl:32 - -=-=-| Received command-message: /help from 1196376478
2024-12-28 10:22:17 DEBUG MessageConsumerServiceImpl:32 - -=-=-| Received command-message: /search from 1196376478
2024-12-28 10:22:19 DEBUG MessageConsumerServiceImpl:32 - -=-=-| Received command-message: /stop from 1196376478
2024-12-29 10:37:44 DEBUG MessageConsumerServiceImpl:26 - -=-=-| Received text-message
2024-12-29 10:38:01 DEBUG MessageConsumerServiceImpl:32 - -=-=-| Received command-message: /search from 1196376478
2024-12-29 10:38:06 DEBUG MessageConsumerServiceImpl:32 - -=-=-| Received command-message: /search from 5198650906
2024-12-29 10:38:10 DEBUG MessageConsumerServiceImpl:26 - -=-=-| Received text-message
2024-12-29 10:38:28 DEBUG MessageConsumerServiceImpl:40 - -=-=-| Received file-message
2024-12-29 10:38:41 DEBUG MessageConsumerServiceImpl:26 - -=-=-| Received text-message
2024-12-29 10:38:44 DEBUG MessageConsumerServiceImpl:26 - -=-=-| Received text-message
2024-12-29 10:38:49 DEBUG MessageConsumerServiceImpl:26 - -=-=-| Received text-message
2024-12-29 10:38:54 DEBUG MessageConsumerServiceImpl:26 - -=-=-| Received text-message
2024-12-29 10:39:01 DEBUG MessageConsumerServiceImpl:26 - -=-=-| Received text-message
2024-12-29 10:39:04 DEBUG MessageConsumerServiceImpl:26 - -=-=-| Received text-message
2024-12-29 11:31:40 DEBUG MessageConsumerServiceImpl:32 - -=-=-| Received command-message: 1196376478 from /stop
2024-12-29 11:31:49 DEBUG MessageConsumerServiceImpl:32 - -=-=-| Received command-message: 1196376478 from /help
2024-12-29 11:38:25 DEBUG MessageConsumerServiceImpl:32 - -=-=-| Received command-message: 1196376478 from /help
2024-12-29 11:38:33 DEBUG MessageConsumerServiceImpl:32 - -=-=-| Received command-message: 1196376478 from /help
2024-12-29 12:11:55 DEBUG MessageConsumerServiceImpl:32 - -=-=-| Received command-message: 1196376478 from /help
2024-12-29 12:12:00 DEBUG MessageConsumerServiceImpl:32 - -=-=-| Received command-message: 1196376478 from /help
2024-12-29 12:14:51 DEBUG MessageConsumerServiceImpl:32 - -=-=-| Received command-message: 1196376478 from /help
2024-12-29 12:18:50 DEBUG MessageConsumerServiceImpl:26 - -=-=-| Received text-message
2024-12-29 12:19:08 DEBUG MessageConsumerServiceImpl:32 - -=-=-| Received command-message: 1196376478 from /help
2024-12-29 12:19:13 DEBUG MessageConsumerServiceImpl:32 - -=-=-| Received command-message: 1196376478 from /start
2024-12-29 12:19:22 DEBUG MessageConsumerServiceImpl:32 - -=-=-| Received command-message: 1196376478 from /search
2024-12-29 12:19:32 DEBUG MessageConsumerServiceImpl:26 - -=-=-| Received text-message
2024-12-29 12:33:49 DEBUG MessageConsumerServiceImpl:26 - -=-=-| Received text-message
2024-12-29 12:33:51 DEBUG MessageConsumerServiceImpl:32 - -=-=-| Received command-message: /help from 1196376478
2024-12-29 12:33:54 DEBUG MessageConsumerServiceImpl:32 - -=-=-| Received command-message: /start from 1196376478
2024-12-29 12:34:24 DEBUG MessageConsumerServiceImpl:26 - -=-=-| Received text-message
2024-12-29 12:34:27 DEBUG MessageConsumerServiceImpl:32 - -=-=-| Received command-message: /search from 5198650906
2024-12-29 12:34:31 DEBUG MessageConsumerServiceImpl:32 - -=-=-| Received command-message: /search from 1196376478
2024-12-29 12:34:34 DEBUG MessageConsumerServiceImpl:26 - -=-=-| Received text-message
2024-12-29 12:34:37 DEBUG MessageConsumerServiceImpl:26 - -=-=-| Received text-message
2024-12-29 12:34:40 DEBUG MessageConsumerServiceImpl:26 - -=-=-| Received text-message
2024-12-29 12:34:46 DEBUG MessageConsumerServiceImpl:26 - -=-=-| Received text-message
2024-12-29 12:34:52 DEBUG MessageConsumerServiceImpl:26 - -=-=-| Received text-message
2024-12-29 12:34:56 DEBUG MessageConsumerServiceImpl:26 - -=-=-| Received text-message
2024-12-29 12:35:05 DEBUG MessageConsumerServiceImpl:26 - -=-=-| Received text-message
2024-12-29 12:35:11 DEBUG MessageConsumerServiceImpl:26 - -=-=-| Received text-message
2024-12-29 12:35:33 DEBUG MessageConsumerServiceImpl:40 - -=-=-| Received file-message
2024-12-29 12:35:51 DEBUG MessageConsumerServiceImpl:40 - -=-=-| Received file-message
2024-12-29 12:36:00 DEBUG MessageConsumerServiceImpl:40 - -=-=-| Received file-message
2024-12-29 12:36:02 DEBUG MessageConsumerServiceImpl:40 - -=-=-| Received file-message
2024-12-29 12:36:21 DEBUG MessageConsumerServiceImpl:40 - -=-=-| Received file-message
2024-12-29 12:36:29 DEBUG MessageConsumerServiceImpl:32 - -=-=-| Received command-message: /stop from 1196376478
2024-12-29 14:33:43 DEBUG MessageConsumerServiceImpl:32 - -=-=-| Received command-message: /search from 1196376478
2024-12-29 14:33:48 DEBUG MessageConsumerServiceImpl:32 - -=-=-| Received command-message: /search from 5198650906
2024-12-29 14:33:55 DEBUG MessageConsumerServiceImpl:26 - -=-=-| Received text-message
2024-12-29 14:34:11 DEBUG MessageConsumerServiceImpl:26 - -=-=-| Received text-message
2024-12-29 14:34:23 DEBUG MessageConsumerServiceImpl:26 - -=-=-| Received text-message
2024-12-29 14:34:37 DEBUG MessageConsumerServiceImpl:26 - -=-=-| Received text-message
2024-12-29 14:34:40 DEBUG MessageConsumerServiceImpl:26 - -=-=-| Received text-message
2024-12-29 14:35:21 DEBUG MessageConsumerServiceImpl:26 - -=-=-| Received text-message
2024-12-29 14:35:30 DEBUG MessageConsumerServiceImpl:26 - -=-=-| Received text-message
2024-12-29 14:35:31 DEBUG MessageConsumerServiceImpl:26 - -=-=-| Received text-message
2024-12-29 14:35:31 DEBUG MessageConsumerServiceImpl:26 - -=-=-| Received text-message
2024-12-29 14:35:31 DEBUG MessageConsumerServiceImpl:26 - -=-=-| Received text-message
2024-12-29 14:35:31 DEBUG MessageConsumerServiceImpl:26 - -=-=-| Received text-message
2024-12-29 14:35:31 DEBUG MessageConsumerServiceImpl:26 - -=-=-| Received text-message
2024-12-29 14:35:31 DEBUG MessageConsumerServiceImpl:26 - -=-=-| Received text-message
2024-12-29 14:35:31 DEBUG MessageConsumerServiceImpl:26 - -=-=-| Received text-message
2024-12-29 14:35:32 DEBUG MessageConsumerServiceImpl:26 - -=-=-| Received text-message
2024-12-29 14:35:32 DEBUG MessageConsumerServiceImpl:26 - -=-=-| Received text-message
2024-12-29 14:35:32 DEBUG MessageConsumerServiceImpl:26 - -=-=-| Received text-message
2024-12-29 14:35:32 DEBUG MessageConsumerServiceImpl:26 - -=-=-| Received text-message
2024-12-29 14:35:32 DEBUG MessageConsumerServiceImpl:26 - -=-=-| Received text-message
2024-12-29 14:35:33 DEBUG MessageConsumerServiceImpl:26 - -=-=-| Received text-message
2024-12-29 14:35:33 DEBUG MessageConsumerServiceImpl:26 - -=-=-| Received text-message
2024-12-29 14:35:33 DEBUG MessageConsumerServiceImpl:26 - -=-=-| Received text-message
2024-12-29 14:35:33 DEBUG MessageConsumerServiceImpl:26 - -=-=-| Received text-message
2024-12-29 14:35:34 DEBUG MessageConsumerServiceImpl:26 - -=-=-| Received text-message
2024-12-29 14:35:34 DEBUG MessageConsumerServiceImpl:26 - -=-=-| Received text-message
2024-12-29 14:35:34 DEBUG MessageConsumerServiceImpl:26 - -=-=-| Received text-message
2024-12-29 14:35:34 DEBUG MessageConsumerServiceImpl:26 - -=-=-| Received text-message
2024-12-29 14:35:34 DEBUG MessageConsumerServiceImpl:26 - -=-=-| Received text-message
2024-12-29 14:35:35 DEBUG MessageConsumerServiceImpl:26 - -=-=-| Received text-message
2024-12-29 14:35:35 DEBUG MessageConsumerServiceImpl:26 - -=-=-| Received text-message
2024-12-29 14:35:35 DEBUG MessageConsumerServiceImpl:26 - -=-=-| Received text-message
2024-12-29 14:35:35 DEBUG MessageConsumerServiceImpl:26 - -=-=-| Received text-message
2024-12-29 14:35:35 DEBUG MessageConsumerServiceImpl:26 - -=-=-| Received text-message
2024-12-29 14:35:35 DEBUG MessageConsumerServiceImpl:26 - -=-=-| Received text-message
2024-12-29 14:35:36 DEBUG MessageConsumerServiceImpl:26 - -=-=-| Received text-message
2024-12-29 14:35:36 DEBUG MessageConsumerServiceImpl:26 - -=-=-| Received text-message
2024-12-29 14:35:36 DEBUG MessageConsumerServiceImpl:26 - -=-=-| Received text-message
2024-12-29 14:35:36 DEBUG MessageConsumerServiceImpl:26 - -=-=-| Received text-message
2024-12-29 14:35:36 DEBUG MessageConsumerServiceImpl:26 - -=-=-| Received text-message
2024-12-29 14:35:36 DEBUG MessageConsumerServiceImpl:26 - -=-=-| Received text-message
2024-12-29 14:35:37 DEBUG MessageConsumerServiceImpl:26 - -=-=-| Received text-message
2024-12-29 14:35:37 DEBUG MessageConsumerServiceImpl:26 - -=-=-| Received text-message
2024-12-29 14:35:37 DEBUG MessageConsumerServiceImpl:26 - -=-=-| Received text-message
2024-12-29 14:35:37 DEBUG MessageConsumerServiceImpl:26 - -=-=-| Received text-message
2024-12-29 14:35:37 DEBUG MessageConsumerServiceImpl:26 - -=-=-| Received text-message
2024-12-29 14:35:38 DEBUG MessageConsumerServiceImpl:26 - -=-=-| Received text-message
2024-12-29 14:35:38 DEBUG MessageConsumerServiceImpl:26 - -=-=-| Received text-message
2024-12-30 10:08:36 DEBUG MessageConsumerServiceImpl:26 - -=-=-| Received text-message
2024-12-30 10:08:38 DEBUG MessageConsumerServiceImpl:26 - -=-=-| Received text-message
2024-12-30 10:08:38 DEBUG MessageConsumerServiceImpl:26 - -=-=-| Received text-message
2024-12-30 10:08:38 DEBUG MessageConsumerServiceImpl:26 - -=-=-| Received text-message
2024-12-30 10:08:38 DEBUG MessageConsumerServiceImpl:26 - -=-=-| Received text-message
2024-12-30 10:08:38 DEBUG MessageConsumerServiceImpl:26 - -=-=-| Received text-message
2024-12-30 10:08:38 DEBUG MessageConsumerServiceImpl:26 - -=-=-| Received text-message
2024-12-30 10:08:38 DEBUG MessageConsumerServiceImpl:26 - -=-=-| Received text-message
2024-12-30 10:08:38 DEBUG MessageConsumerServiceImpl:26 - -=-=-| Received text-message
2024-12-30 10:08:38 DEBUG MessageConsumerServiceImpl:26 - -=-=-| Received text-message
2024-12-30 10:08:38 DEBUG MessageConsumerServiceImpl:26 - -=-=-| Received text-message
2024-12-30 10:08:38 DEBUG MessageConsumerServiceImpl:26 - -=-=-| Received text-message
2024-12-30 10:08:38 DEBUG MessageConsumerServiceImpl:26 - -=-=-| Received text-message
2024-12-30 10:08:38 DEBUG MessageConsumerServiceImpl:26 - -=-=-| Received text-message
2024-12-30 10:08:38 DEBUG MessageConsumerServiceImpl:26 - -=-=-| Received text-message
2024-12-30 10:08:38 DEBUG MessageConsumerServiceImpl:26 - -=-=-| Received text-message
2024-12-30 10:08:38 DEBUG MessageConsumerServiceImpl:26 - -=-=-| Received text-message
2024-12-30 10:08:38 DEBUG MessageConsumerServiceImpl:26 - -=-=-| Received text-message
2024-12-30 10:08:38 DEBUG MessageConsumerServiceImpl:26 - -=-=-| Received text-message
2024-12-30 10:08:38 DEBUG MessageConsumerServiceImpl:26 - -=-=-| Received text-message
2024-12-30 10:08:38 DEBUG MessageConsumerServiceImpl:26 - -=-=-| Received text-message
2024-12-30 10:08:38 DEBUG MessageConsumerServiceImpl:26 - -=-=-| Received text-message
2024-12-30 10:08:38 DEBUG MessageConsumerServiceImpl:26 - -=-=-| Received text-message
2024-12-30 10:08:38 DEBUG MessageConsumerServiceImpl:26 - -=-=-| Received text-message
2024-12-30 10:08:38 DEBUG MessageConsumerServiceImpl:26 - -=-=-| Received text-message
2024-12-30 10:08:38 DEBUG MessageConsumerServiceImpl:26 - -=-=-| Received text-message
2024-12-30 10:08:38 DEBUG MessageConsumerServiceImpl:26 - -=-=-| Received text-message
2024-12-30 10:08:38 DEBUG MessageConsumerServiceImpl:26 - -=-=-| Received text-message
2024-12-30 10:08:38 DEBUG MessageConsumerServiceImpl:26 - -=-=-| Received text-message
2024-12-30 10:08:38 DEBUG MessageConsumerServiceImpl:26 - -=-=-| Received text-message
2024-12-30 10:08:38 DEBUG MessageConsumerServiceImpl:26 - -=-=-| Received text-message
2024-12-30 01:24:13 DEBUG MessageConsumerServiceImpl:32 - -=-=-| Received command-message: /help from 1196376478
2024-12-30 01:38:10 DEBUG MessageConsumerServiceImpl:32 - -=-=-| Received command-message: /help from 1196376478
2024-12-30 01:38:14 DEBUG MessageConsumerServiceImpl:32 - -=-=-| Received command-message: /start from 1196376478
2024-12-30 01:38:19 DEBUG MessageConsumerServiceImpl:32 - -=-=-| Received command-message: /search from 1196376478
2024-12-30 01:38:24 DEBUG MessageConsumerServiceImpl:26 - -=-=-| Received text-message
2024-12-30 01:39:19 DEBUG MessageConsumerServiceImpl:26 - -=-=-| Received text-message
2024-12-30 01:39:22 DEBUG MessageConsumerServiceImpl:26 - -=-=-| Received text-message
2024-12-30 01:39:34 DEBUG MessageConsumerServiceImpl:26 - -=-=-| Received text-message
2024-12-30 01:39:36 DEBUG MessageConsumerServiceImpl:26 - -=-=-| Received text-message
2024-12-30 01:39:51 DEBUG MessageConsumerServiceImpl:26 - -=-=-| Received text-message
2024-12-30 01:39:55 DEBUG MessageConsumerServiceImpl:26 - -=-=-| Received text-message
2024-12-30 01:40:05 DEBUG MessageConsumerServiceImpl:26 - -=-=-| Received text-message
2024-12-30 01:40:15 DEBUG MessageConsumerServiceImpl:26 - -=-=-| Received text-message
2024-12-30 01:40:17 DEBUG MessageConsumerServiceImpl:26 - -=-=-| Received text-message
2024-12-30 01:40:22 DEBUG MessageConsumerServiceImpl:32 - -=-=-| Received command-message: /stop from 1196376478
2024-12-30 01:40:25 DEBUG MessageConsumerServiceImpl:32 - -=-=-| Received command-message: /search from 1196376478
2024-12-30 01:40:27 DEBUG MessageConsumerServiceImpl:32 - -=-=-| Received command-message: /search from 5198650906
2024-12-30 01:40:30 DEBUG MessageConsumerServiceImpl:26 - -=-=-| Received text-message
2024-12-30 01:40:32 DEBUG MessageConsumerServiceImpl:26 - -=-=-| Received text-message
2024-12-30 01:40:34 DEBUG MessageConsumerServiceImpl:26 - -=-=-| Received text-message
2024-12-30 01:51:18 DEBUG MessageConsumerServiceImpl:32 - -=-=-| Received command-message: /start from 1196376478
2024-12-30 01:51:21 DEBUG MessageConsumerServiceImpl:32 - -=-=-| Received command-message: /help from 1196376478
2024-12-30 01:51:30 DEBUG MessageConsumerServiceImpl:26 - -=-=-| Received text-message
2024-12-30 01:51:45 DEBUG MessageConsumerServiceImpl:26 - -=-=-| Received text-message
2024-12-30 01:51:56 DEBUG MessageConsumerServiceImpl:26 - -=-=-| Received text-message
2024-12-30 01:52:00 DEBUG MessageConsumerServiceImpl:26 - -=-=-| Received text-message
2024-12-30 01:52:09 DEBUG MessageConsumerServiceImpl:26 - -=-=-| Received text-message
2024-12-30 01:52:16 DEBUG MessageConsumerServiceImpl:26 - -=-=-| Received text-message
2024-12-30 01:52:26 DEBUG MessageConsumerServiceImpl:26 - -=-=-| Received text-message
2024-12-30 01:52:32 DEBUG MessageConsumerServiceImpl:26 - -=-=-| Received text-message
2024-12-30 01:52:35 DEBUG MessageConsumerServiceImpl:26 - -=-=-| Received text-message
2024-12-30 02:02:56 DEBUG MessageConsumerServiceImpl:32 - -=-=-| Received command-message: /start from 1196376478
2024-12-30 02:02:57 DEBUG MessageConsumerServiceImpl:32 - -=-=-| Received command-message: /help from 1196376478
2024-12-30 02:03:00 DEBUG MessageConsumerServiceImpl:26 - -=-=-| Received text-message
2024-12-30 02:03:03 DEBUG MessageConsumerServiceImpl:26 - -=-=-| Received text-message
2024-12-30 02:06:24 DEBUG MessageConsumerServiceImpl:32 - -=-=-| Received command-message: /help from 1196376478
2024-12-30 02:06:28 DEBUG MessageConsumerServiceImpl:26 - -=-=-| Received text-message
2024-12-30 02:06:48 DEBUG MessageConsumerServiceImpl:26 - -=-=-| Received text-message
2024-12-30 02:10:09 DEBUG MessageConsumerServiceImpl:32 - -=-=-| Received command-message: /help from 1196376478
2024-12-30 02:10:12 DEBUG MessageConsumerServiceImpl:32 - -=-=-| Received command-message: /start from 1196376478
2024-12-30 02:10:16 DEBUG MessageConsumerServiceImpl:26 - -=-=-| Received text-message
2024-12-30 02:10:22 DEBUG MessageConsumerServiceImpl:26 - -=-=-| Received text-message
2024-12-30 02:10:28 DEBUG MessageConsumerServiceImpl:26 - -=-=-| Received text-message
2024-12-30 02:28:10 DEBUG MessageConsumerServiceImpl:26 - -=-=-| Received text-message
2024-12-30 02:28:17 DEBUG MessageConsumerServiceImpl:26 - -=-=-| Received text-message
2024-12-30 02:28:24 DEBUG MessageConsumerServiceImpl:26 - -=-=-| Received text-message
2024-12-30 02:28:53 DEBUG MessageConsumerServiceImpl:26 - -=-=-| Received text-message
2024-12-30 02:28:58 DEBUG MessageConsumerServiceImpl:26 - -=-=-| Received text-message
2024-12-30 02:29:02 DEBUG MessageConsumerServiceImpl:26 - -=-=-| Received text-message
2024-12-30 02:29:06 DEBUG MessageConsumerServiceImpl:26 - -=-=-| Received text-message
2024-12-30 02:29:17 DEBUG MessageConsumerServiceImpl:26 - -=-=-| Received text-message
2024-12-30 02:29:18 DEBUG MessageConsumerServiceImpl:26 - -=-=-| Received text-message
2024-12-30 02:29:21 DEBUG MessageConsumerServiceImpl:26 - -=-=-| Received text-message
2024-12-30 02:29:23 DEBUG MessageConsumerServiceImpl:26 - -=-=-| Received text-message
